This is pdfTeX, Version 3.1415926-2.5-1.40.14 (TeX Live 2013) (format=pdflatex 2014.3.14)  1 APR 2014 01:39
entering extended mode
 \write18 enabled.
 file:line:error style messages enabled.
 %&-line parsing enabled.
**template.tex
(./template.tex
LaTeX2e <2011/06/27>
Babel <3.9h> and hyphenation patterns for 78 languages loaded.
(./ucsd.cls
Document Class: ucsd 2010/06/01 V3.7 University of California, San Diego, Disse
rtation Class
(./uct12.clo)
\descriptionmargin=\dimen102
\c@part=\count79
\c@chapter=\count80
\c@section=\count81
\c@subsection=\count82
\c@subsubsection=\count83
\c@paragraph=\count84
\c@subparagraph=\count85
\@chapterlength=\skip41
\UCSD@toc@frontmatterLength=\skip42
\UCSD@toc@backmatterLength=\skip43
\@subsectionlength=\skip44
\@subsubsectionlength=\skip45
\@paragraphlength=\skip46
\@subparagraphlength=\skip47
\@figurelength=\skip48
\@tablelength=\skip49
\c@figure=\count86
\c@table=\count87
)
(/usr/local/texlive/2013/texmf-dist/tex/latex/graphics/graphicx.sty
Package: graphicx 1999/02/16 v1.0f Enhanced LaTeX Graphics (DPC,SPQR)

(/usr/local/texlive/2013/texmf-dist/tex/latex/graphics/keyval.sty
Package: keyval 1999/03/16 v1.13 key=value parser (DPC)
\KV@toks@=\toks14
)
(/usr/local/texlive/2013/texmf-dist/tex/latex/graphics/graphics.sty
Package: graphics 2009/02/05 v1.0o Standard LaTeX Graphics (DPC,SPQR)

(/usr/local/texlive/2013/texmf-dist/tex/latex/graphics/trig.sty
Package: trig 1999/03/16 v1.09 sin cos tan (DPC)
)
(/usr/local/texlive/2013/texmf-dist/tex/latex/latexconfig/graphics.cfg
File: graphics.cfg 2010/04/23 v1.9 graphics configuration of TeX Live
)
Package graphics Info: Driver file: pdftex.def on input line 91.

(/usr/local/texlive/2013/texmf-dist/tex/latex/pdftex-def/pdftex.def
File: pdftex.def 2011/05/27 v0.06d Graphics/color for pdfTeX

(/usr/local/texlive/2013/texmf-dist/tex/generic/oberdiek/infwarerr.sty
Package: infwarerr 2010/04/08 v1.3 Providing info/warning/error messages (HO)
)
(/usr/local/texlive/2013/texmf-dist/tex/generic/oberdiek/ltxcmds.sty
Package: ltxcmds 2011/11/09 v1.22 LaTeX kernel commands for general use (HO)
)
\Gread@gobject=\count88
))
\Gin@req@height=\dimen103
\Gin@req@width=\dimen104
)
(/usr/local/texlive/2013/texmf-dist/tex/latex/subfig/subfig.sty
Package: subfig 2005/06/28 ver: 1.3 subfig package

(/usr/local/texlive/2013/texmf-dist/tex/latex/caption/caption.sty
Package: caption 2013/05/02 v3.3-89 Customizing captions (AR)

(/usr/local/texlive/2013/texmf-dist/tex/latex/caption/caption3.sty
Package: caption3 2013/05/02 v1.6-88 caption3 kernel (AR)
Package caption3 Info: TeX engine: e-TeX on input line 57.
\captionmargin=\dimen105
\captionmargin@=\dimen106
\captionwidth=\dimen107
\caption@tempdima=\dimen108
\caption@indent=\dimen109
\caption@parindent=\dimen110
\caption@hangindent=\dimen111
\abovecaptionskip=\skip50
\belowcaptionskip=\skip51
Package caption Info: Unknown document class (or package),
(caption)             standard defaults will be used.
)

Package caption Warning: Unsupported document class (or package) detected,
(caption)                usage of the caption package is not recommended.
See the caption package documentation for explanation.

Package caption Info: \@makecaption = \long macro:#1#2->\par \ifdim \prevdepth 
>-\p@ \vskip 10\p@ \relax \fi \setbox \@tempboxa \hbox {\vbox to\topskip {}#1: 
#2\unskip \strut }\ifdim \wd \@tempboxa >\hsize {\ssp #1: #2\unskip \strut \par
 } \else \hbox to\hsize {\hfil \unhbox \@tempboxa \hfil }\fi .
\c@ContinuedFloat=\count89
)
\c@KVtest=\count90
\sf@farskip=\skip52
\sf@captopadj=\dimen112
\sf@capskip=\skip53
\sf@nearskip=\skip54
\c@subfigure=\count91
\c@subfigure@save=\count92
\c@lofdepth=\count93
\c@subtable=\count94
\c@subtable@save=\count95
\c@lotdepth=\count96
\sf@top=\skip55
\sf@bottom=\skip56
) (/usr/local/texlive/2013/texmf-dist/tex/latex/pdfpages/pdfpages.sty
Package: pdfpages 2013/08/25 v0.4v Insert pages of external PDF documents (AM)

(/usr/local/texlive/2013/texmf-dist/tex/latex/base/ifthen.sty
Package: ifthen 2001/05/26 v1.1c Standard LaTeX ifthen package (DPC)
)
(/usr/local/texlive/2013/texmf-dist/tex/latex/tools/calc.sty
Package: calc 2007/08/22 v4.3 Infix arithmetic (KKT,FJ)
\calc@Acount=\count97
\calc@Bcount=\count98
\calc@Adimen=\dimen113
\calc@Bdimen=\dimen114
\calc@Askip=\skip57
\calc@Bskip=\skip58
LaTeX Info: Redefining \setlength on input line 76.
LaTeX Info: Redefining \addtolength on input line 77.
\calc@Ccount=\count99
\calc@Cskip=\skip59
)
(/usr/local/texlive/2013/texmf-dist/tex/latex/eso-pic/eso-pic.sty
Package: eso-pic 2013/10/06 v2.0d eso-pic (RN)

(/usr/local/texlive/2013/texmf-dist/tex/generic/oberdiek/atbegshi.sty
Package: atbegshi 2011/10/05 v1.16 At begin shipout hook (HO)

(/usr/local/texlive/2013/texmf-dist/tex/generic/oberdiek/ifpdf.sty
Package: ifpdf 2011/01/30 v2.3 Provides the ifpdf switch (HO)
Package ifpdf Info: pdfTeX in PDF mode is detected.
))
(/usr/local/texlive/2013/texmf-dist/tex/latex/xcolor/xcolor.sty
Package: xcolor 2007/01/21 v2.11 LaTeX color extensions (UK)

(/usr/local/texlive/2013/texmf-dist/tex/latex/latexconfig/color.cfg
File: color.cfg 2007/01/18 v1.5 color configuration of teTeX/TeXLive
)
Package xcolor Info: Driver file: pdftex.def on input line 225.
Package xcolor Info: Model `cmy' substituted by `cmy0' on input line 1337.
Package xcolor Info: Model `hsb' substituted by `rgb' on input line 1341.
Package xcolor Info: Model `RGB' extended on input line 1353.
Package xcolor Info: Model `HTML' substituted by `rgb' on input line 1355.
Package xcolor Info: Model `Hsb' substituted by `hsb' on input line 1356.
Package xcolor Info: Model `tHsb' substituted by `hsb' on input line 1357.
Package xcolor Info: Model `HSB' substituted by `hsb' on input line 1358.
Package xcolor Info: Model `Gray' substituted by `gray' on input line 1359.
Package xcolor Info: Model `wave' substituted by `hsb' on input line 1360.
))
(/usr/local/texlive/2013/texmf-dist/tex/latex/pdfpages/pppdftex.def
File: pppdftex.def 2013/08/25 v0.4v Pdfpages driver for pdfTeX (AM)
)
\AM@pagebox=\box26
\AM@toc@title=\toks15
\c@AM@survey=\count100
\AM@templatesizebox=\box27
)
(/usr/local/texlive/2013/texmf-dist/tex/latex/siunitx/siunitx.sty
(/usr/local/texlive/2013/texmf-dist/tex/latex/l3kernel/expl3.sty
(/usr/local/texlive/2013/texmf-dist/tex/latex/l3kernel/l3names.sty
(/usr/local/texlive/2013/texmf-dist/tex/latex/l3kernel/l3bootstrap.sty
Package: l3bootstrap 2014/01/04 v4640 L3 Experimental bootstrap code
)
Package: l3names 2014/01/04 v4640 L3 Namespace for primitives
)
(/usr/local/texlive/2013/texmf-dist/tex/latex/etex-pkg/etex.sty
Package: etex 1998/03/26 v2.0 eTeX basic definition package (PEB)
\et@xins=\count101
)
Package: expl3 2014/01/07 v4646 L3 Experimental code bundle wrapper

(/usr/local/texlive/2013/texmf-dist/tex/latex/l3kernel/l3basics.sty
Package: l3basics 2014/01/04 v4642 L3 Basic definitions
)
(/usr/local/texlive/2013/texmf-dist/tex/latex/l3kernel/l3expan.sty
Package: l3expan 2014/01/04 v4642 L3 Argument expansion
)
(/usr/local/texlive/2013/texmf-dist/tex/latex/l3kernel/l3tl.sty
Package: l3tl 2013/12/27 v4625 L3 Token lists
)
(/usr/local/texlive/2013/texmf-dist/tex/latex/l3kernel/l3seq.sty
Package: l3seq 2013/12/14 v4623 L3 Sequences and stacks
)
(/usr/local/texlive/2013/texmf-dist/tex/latex/l3kernel/l3int.sty
Package: l3int 2013/08/02 v4583 L3 Integers
\c_max_int=\count102
\l_tmpa_int=\count103
\l_tmpb_int=\count104
\g_tmpa_int=\count105
\g_tmpb_int=\count106
)
(/usr/local/texlive/2013/texmf-dist/tex/latex/l3kernel/l3quark.sty
Package: l3quark 2013/12/14 v4623 L3 Quarks
)
(/usr/local/texlive/2013/texmf-dist/tex/latex/l3kernel/l3prg.sty
Package: l3prg 2014/01/04 v4642 L3 Control structures
\g__prg_map_int=\count107
)
(/usr/local/texlive/2013/texmf-dist/tex/latex/l3kernel/l3clist.sty
Package: l3clist 2013/07/28 v4581 L3 Comma separated lists
)
(/usr/local/texlive/2013/texmf-dist/tex/latex/l3kernel/l3token.sty
Package: l3token 2013/08/25 v4587 L3 Experimental token manipulation
)
(/usr/local/texlive/2013/texmf-dist/tex/latex/l3kernel/l3prop.sty
Package: l3prop 2013/12/14 v4623 L3 Property lists
)
(/usr/local/texlive/2013/texmf-dist/tex/latex/l3kernel/l3msg.sty
Package: l3msg 2013/07/28 v4581 L3 Messages
)
(/usr/local/texlive/2013/texmf-dist/tex/latex/l3kernel/l3file.sty
Package: l3file 2013/10/13 v4596 L3 File and I/O operations
\l_iow_line_count_int=\count108
\l__iow_target_count_int=\count109
\l__iow_current_line_int=\count110
\l__iow_current_word_int=\count111
\l__iow_current_indentation_int=\count112
)
(/usr/local/texlive/2013/texmf-dist/tex/latex/l3kernel/l3skip.sty
Package: l3skip 2013/07/28 v4581 L3 Dimensions and skips
\c_zero_dim=\dimen115
\c_max_dim=\dimen116
\l_tmpa_dim=\dimen117
\l_tmpb_dim=\dimen118
\g_tmpa_dim=\dimen119
\g_tmpb_dim=\dimen120
\c_zero_skip=\skip60
\c_max_skip=\skip61
\l_tmpa_skip=\skip62
\l_tmpb_skip=\skip63
\g_tmpa_skip=\skip64
\g_tmpb_skip=\skip65
\c_zero_muskip=\muskip10
\c_max_muskip=\muskip11
\l_tmpa_muskip=\muskip12
\l_tmpb_muskip=\muskip13
\g_tmpa_muskip=\muskip14
\g_tmpb_muskip=\muskip15
)
(/usr/local/texlive/2013/texmf-dist/tex/latex/l3kernel/l3keys.sty
Package: l3keys 2013/12/08 v4614 L3 Experimental key-value interfaces
\g__keyval_level_int=\count113
\l_keys_choice_int=\count114
)
(/usr/local/texlive/2013/texmf-dist/tex/latex/l3kernel/l3fp.sty
Package: l3fp 2014/01/04 v4642 L3 Floating points
\c__fp_leading_shift_int=\count115
\c__fp_middle_shift_int=\count116
\c__fp_trailing_shift_int=\count117
\c__fp_big_leading_shift_int=\count118
\c__fp_big_middle_shift_int=\count119
\c__fp_big_trailing_shift_int=\count120
\c__fp_Bigg_leading_shift_int=\count121
\c__fp_Bigg_middle_shift_int=\count122
\c__fp_Bigg_trailing_shift_int=\count123
)
(/usr/local/texlive/2013/texmf-dist/tex/latex/l3kernel/l3box.sty
Package: l3box 2013/07/28 v4581 L3 Experimental boxes
\c_empty_box=\box28
\l_tmpa_box=\box29
\l_tmpb_box=\box30
\g_tmpa_box=\box31
\g_tmpb_box=\box32
)
(/usr/local/texlive/2013/texmf-dist/tex/latex/l3kernel/l3coffins.sty
Package: l3coffins 2013/12/14 v4624 L3 Coffin code layer
\l__coffin_internal_box=\box33
\l__coffin_internal_dim=\dimen121
\l__coffin_offset_x_dim=\dimen122
\l__coffin_offset_y_dim=\dimen123
\l__coffin_x_dim=\dimen124
\l__coffin_y_dim=\dimen125
\l__coffin_x_prime_dim=\dimen126
\l__coffin_y_prime_dim=\dimen127
\c_empty_coffin=\box34
\l__coffin_aligned_coffin=\box35
\l__coffin_aligned_internal_coffin=\box36
\l_tmpa_coffin=\box37
\l_tmpb_coffin=\box38
\l__coffin_display_coffin=\box39
\l__coffin_display_coord_coffin=\box40
\l__coffin_display_pole_coffin=\box41
\l__coffin_display_offset_dim=\dimen128
\l__coffin_display_x_dim=\dimen129
\l__coffin_display_y_dim=\dimen130
)
(/usr/local/texlive/2013/texmf-dist/tex/latex/l3kernel/l3color.sty
Package: l3color 2012/08/29 v4156 L3 Experimental color support
)
(/usr/local/texlive/2013/texmf-dist/tex/latex/l3kernel/l3luatex.sty
Package: l3luatex 2013/07/28 v4581 L3 Experimental LuaTeX-specific functions
\g__cctab_allocate_int=\count124
\g__cctab_stack_int=\count125
)
(/usr/local/texlive/2013/texmf-dist/tex/latex/l3kernel/l3candidates.sty
Package: l3candidates 2014/01/06 v4643 L3 Experimental additions to l3kernel
\l__box_top_dim=\dimen131
\l__box_bottom_dim=\dimen132
\l__box_left_dim=\dimen133
\l__box_right_dim=\dimen134
\l__box_top_new_dim=\dimen135
\l__box_bottom_new_dim=\dimen136
\l__box_left_new_dim=\dimen137
\l__box_right_new_dim=\dimen138
\l__box_internal_box=\box42
\l__coffin_bounding_shift_dim=\dimen139
\l__coffin_left_corner_dim=\dimen140
\l__coffin_right_corner_dim=\dimen141
\l__coffin_bottom_corner_dim=\dimen142
\l__coffin_top_corner_dim=\dimen143
\l__coffin_scaled_total_height_dim=\dimen144
\l__coffin_scaled_width_dim=\dimen145
))
(/usr/local/texlive/2013/texmf-dist/tex/latex/l3packages/xparse/xparse.sty
Package: xparse 2013/12/31 v4634 L3 Experimental document command parser
\l__xparse_current_arg_int=\count126
\l__xparse_m_args_int=\count127
\l__xparse_mandatory_args_int=\count128
\l__xparse_processor_int=\count129
\l__xparse_v_nesting_int=\count130
)
Package: siunitx 2013/07/31 v2.5s A comprehensive (SI) units package

(/usr/local/texlive/2013/texmf-dist/tex/latex/amsmath/amstext.sty
Package: amstext 2000/06/29 v2.01

(/usr/local/texlive/2013/texmf-dist/tex/latex/amsmath/amsgen.sty
File: amsgen.sty 1999/11/30 v2.0
\@emptytoks=\toks16
\ex@=\dimen146
))
(/usr/local/texlive/2013/texmf-dist/tex/latex/tools/array.sty
Package: array 2008/09/09 v2.4c Tabular extension package (FMi)
\col@sep=\dimen147
\extrarowheight=\dimen148
\NC@list=\toks17
\extratabsurround=\skip66
\backup@length=\skip67
)
(/usr/local/texlive/2013/texmf-dist/tex/latex/l3packages/l3keys2e/l3keys2e.sty
Package: l3keys2e 2013/12/31 v4634 LaTeX2e option processing using LaTeX3 keys
)
Variant \tl_if_blank:VTF already defined; not changing it on line 50
\l__siunitx_tmp_box=\box43
\l__siunitx_tmp_dim=\dimen149
\l__siunitx_tmp_int=\count131
Variant \prop_get:NVNT already defined; not changing it on line 371
Variant \prop_get:NVNF already defined; not changing it on line 372
Variant \prop_get:NVNTF already defined; not changing it on line 373
\l__siunitx_number_mantissa_length_int=\count132
\l__siunitx_number_uncert_length_int=\count133
\l__siunitx_round_int=\count134
\l__siunitx_process_decimal_int=\count135
\l__siunitx_process_uncertainty_int=\count136
\l__siunitx_process_fixed_int=\count137
\l__siunitx_process_integer_min_int=\count138
\l__siunitx_process_precision_int=\count139
\l__siunitx_group_min_int=\count140
\l__siunitx_angle_marker_box=\box44
\l__siunitx_angle_unit_box=\box45
\l__siunitx_angle_marker_dim=\dimen150
\l__siunitx_angle_unit_dim=\dimen151
\l__siunitx_unit_int=\count141
\l__siunitx_unit_denominator_int=\count142
\l__siunitx_unit_numerator_int=\count143
\l__siunitx_unit_prefix_int=\count144
\l__siunitx_unit_prefix_base_int=\count145
\l__siunitx_unit_prefix_gram_int=\count146
\l__siunitx_number_product_int=\count147
\c__siunitx_one_fill_skip=\skip68
\l__siunitx_table_unit_align_skip=\skip69
\l__siunitx_table_exponent_dim=\dimen152
\l__siunitx_table_integer_dim=\dimen153
\l__siunitx_table_mantissa_dim=\dimen154
\l__siunitx_table_marker_dim=\dimen155
\l__siunitx_table_result_dim=\dimen156
\l__siunitx_table_uncert_dim=\dimen157
\l__siunitx_table_fill_pre_dim=\dimen158
\l__siunitx_table_fill_post_dim=\dimen159
\l__siunitx_table_fill_mid_dim=\dimen160
\l__siunitx_table_pre_box=\box46
\l__siunitx_table_post_box=\box47
\l__siunitx_table_mantissa_box=\box48
\l__siunitx_table_result_box=\box49
\l__siunitx_table_number_align_skip=\skip70
\l__siunitx_table_text_align_skip=\skip71
.................................................
. LaTeX info: "xparse/define-command"
. 
. Defining document command \DeclareBinaryPrefix with arg. spec. 'mmm' on line
. 7101.
.................................................
.................................................
. LaTeX info: "xparse/define-command"
. 
. Defining document command \DeclareSIPostPower with arg. spec. 'mm' on line
. 7104.
.................................................
.................................................
. LaTeX info: "xparse/define-command"
. 
. Defining document command \DeclareSIPrefix with arg. spec. 'mmm' on line
. 7107.
.................................................
.................................................
. LaTeX info: "xparse/define-command"
. 
. Defining document command \DeclareSIPrePower with arg. spec. 'mm' on line
. 7110.
.................................................
.................................................
. LaTeX info: "xparse/define-command"
. 
. Defining document command \DeclareSIQualifier with arg. spec. 'mm' on line
. 7113.
.................................................
.................................................
. LaTeX info: "xparse/define-command"
. 
. Defining document command \DeclareSIUnit with arg. spec. 'O{}mm' on line
. 7116.
.................................................
.................................................
. LaTeX info: "xparse/define-command"
. 
. Defining document command \DeclareSIUnitWithOptions with arg. spec. 'mmm' on
. line 7119.
.................................................
.................................................
. LaTeX info: "xparse/define-command"
. 
. Defining document command \ang with arg. spec. 'o>{\SplitArgument {2}{;}}m'
. on line 7134.
.................................................
.................................................
. LaTeX info: "xparse/define-command"
. 
. Defining document command \num with arg. spec. 'om' on line 7142.
.................................................
.................................................
. LaTeX info: "xparse/define-command"
. 
. Defining document command \numlist with arg. spec. 'o>{\SplitList {;}}m' on
. line 7150.
.................................................
.................................................
. LaTeX info: "xparse/define-command"
. 
. Defining document command \numrange with arg. spec. 'omm' on line 7158.
.................................................
.................................................
. LaTeX info: "xparse/define-command"
. 
. Defining document command \SIlist with arg. spec. 'o>{\SplitList {;}}mm' on
. line 7169.
.................................................
.................................................
. LaTeX info: "xparse/define-command"
. 
. Defining document command \SIrange with arg. spec. 'ommm' on line 7180.
.................................................
.................................................
. LaTeX info: "xparse/define-command"
. 
. Defining document command \SI with arg. spec. 'omom' on line 7191.
.................................................
.................................................
. LaTeX info: "xparse/define-command"
. 
. Defining document command \sisetup with arg. spec. 'm' on line 7194.
.................................................
.................................................
. LaTeX info: "xparse/define-command"
. 
. Defining document command \tablenum with arg. spec. 'om' on line 7206.
.................................................
.................................................
. LaTeX info: "xparse/define-command"
. 
. Defining document command \si with arg. spec. 'om' on line 7217.
.................................................
.................................................
. LaTeX info: "xparse/define-command"
. 
. Defining document command \__siunitx_bookmark_num:w with arg. spec. 'om' on
. line 7262.
.................................................
.................................................
. LaTeX info: "xparse/define-command"
. 
. Defining document command \__siunitx_bookmark_numrange:w with arg. spec.
. 'omm' on line 7264.
.................................................
.................................................
. LaTeX info: "xparse/define-command"
. 
. Defining document command \__siunitx_bookmark_SI:w with arg. spec. 'omom' on
. line 7266.
.................................................
.................................................
. LaTeX info: "xparse/define-command"
. 
. Defining document command \__siunitx_bookmark_SIlist:w with arg. spec. 'omm'
. on line 7268.
.................................................
.................................................
. LaTeX info: "xparse/define-command"
. 
. Defining document command \__siunitx_bookmark_SIrange:w with arg. spec.
. 'ommm' on line 7270.
.................................................
.................................................
. LaTeX info: "xparse/define-command"
. 
. Defining document command \__siunitx_bookmark_si:w with arg. spec. 'om' on
. line 7271.
.................................................
\g__file_internal_ior=\read1
(/usr/local/texlive/2013/texmf-dist/tex/latex/beamer/translator/translator.sty
Package: translator 2010/06/12 ver 1.10

(/usr/local/texlive/2013/texmf-dist/tex/latex/beamer/translator/translator-lang
uage-mappings.tex)))
(/usr/local/texlive/2013/texmf-dist/tex/latex/tools/tabularx.sty
Package: tabularx 1999/01/07 v2.07 `tabularx' package (DPC)
\TX@col@width=\dimen161
\TX@old@table=\dimen162
\TX@old@col=\dimen163
\TX@target=\dimen164
\TX@delta=\dimen165
\TX@cols=\count148
\TX@ftn=\toks18
)
(/usr/local/texlive/2013/texmf-dist/tex/latex/multirow/multirow.sty
\bigstrutjot=\dimen166
)
(/usr/local/texlive/2013/texmf-dist/tex/latex/tools/longtable.sty
Package: longtable 2004/02/01 v4.11 Multi-page Table package (DPC)
\LTleft=\skip72
\LTright=\skip73
\LTpre=\skip74
\LTpost=\skip75
\LTchunksize=\count149
\LTcapwidth=\dimen167
\LT@head=\box50
\LT@firsthead=\box51
\LT@foot=\box52
\LT@lastfoot=\box53
\LT@cols=\count150
\LT@rows=\count151
\c@LT@tables=\count152
\c@LT@chunks=\count153
\LT@p@ftn=\toks19
)
(/usr/local/texlive/2013/texmf-dist/tex/latex/todonotes/todonotes.sty
Package: todonotes 2012/07/25 .dtx Todonotes source and documentation.
Package: todonotes 2012/07/25

(/usr/local/texlive/2013/texmf-dist/tex/latex/xkeyval/xkeyval.sty
Package: xkeyval 2012/10/14 v2.6b package option processing (HA)

(/usr/local/texlive/2013/texmf-dist/tex/generic/xkeyval/xkeyval.tex
\XKV@toks=\toks20
\XKV@tempa@toks=\toks21
\XKV@depth=\count154
File: xkeyval.tex 2012/10/14 v2.6b key=value parser (HA)
))
(/usr/local/texlive/2013/texmf-dist/tex/latex/pgf/frontendlayer/tikz.sty
(/usr/local/texlive/2013/texmf-dist/tex/latex/pgf/basiclayer/pgf.sty
(/usr/local/texlive/2013/texmf-dist/tex/latex/pgf/utilities/pgfrcs.sty
(/usr/local/texlive/2013/texmf-dist/tex/generic/pgf/utilities/pgfutil-common.te
x
\pgfutil@everybye=\toks22
\pgfutil@tempdima=\dimen168
\pgfutil@tempdimb=\dimen169

(/usr/local/texlive/2013/texmf-dist/tex/generic/pgf/utilities/pgfutil-common-li
sts.tex))
(/usr/local/texlive/2013/texmf-dist/tex/generic/pgf/utilities/pgfutil-latex.def
\pgfutil@abb=\box54
(/usr/local/texlive/2013/texmf-dist/tex/latex/ms/everyshi.sty
Package: everyshi 2001/05/15 v3.00 EveryShipout Package (MS)
))
(/usr/local/texlive/2013/texmf-dist/tex/generic/pgf/utilities/pgfrcs.code.tex
Package: pgfrcs 2013/12/20 v3.0.0 (rcs-revision 1.28)
))
Package: pgf 2013/12/18 v3.0.0 (rcs-revision 1.14)
(/usr/local/texlive/2013/texmf-dist/tex/latex/pgf/basiclayer/pgfcore.sty
(/usr/local/texlive/2013/texmf-dist/tex/latex/pgf/systemlayer/pgfsys.sty
(/usr/local/texlive/2013/texmf-dist/tex/generic/pgf/systemlayer/pgfsys.code.tex
Package: pgfsys 2013/11/30 v3.0.0 (rcs-revision 1.47)
(/usr/local/texlive/2013/texmf-dist/tex/generic/pgf/utilities/pgfkeys.code.tex
\pgfkeys@pathtoks=\toks23
\pgfkeys@temptoks=\toks24

(/usr/local/texlive/2013/texmf-dist/tex/generic/pgf/utilities/pgfkeysfiltered.c
ode.tex
\pgfkeys@tmptoks=\toks25
))
\pgf@x=\dimen170
\pgf@y=\dimen171
\pgf@xa=\dimen172
\pgf@ya=\dimen173
\pgf@xb=\dimen174
\pgf@yb=\dimen175
\pgf@xc=\dimen176
\pgf@yc=\dimen177
\w@pgf@writea=\write3
\r@pgf@reada=\read2
\c@pgf@counta=\count155
\c@pgf@countb=\count156
\c@pgf@countc=\count157
\c@pgf@countd=\count158
\t@pgf@toka=\toks26
\t@pgf@tokb=\toks27
\t@pgf@tokc=\toks28

(/usr/local/texlive/2013/texmf-dist/tex/generic/pgf/systemlayer/pgf.cfg
File: pgf.cfg 2008/05/14  (rcs-revision 1.7)
)
Driver file for pgf: pgfsys-pdftex.def

(/usr/local/texlive/2013/texmf-dist/tex/generic/pgf/systemlayer/pgfsys-pdftex.d
ef
File: pgfsys-pdftex.def 2013/07/18  (rcs-revision 1.33)

(/usr/local/texlive/2013/texmf-dist/tex/generic/pgf/systemlayer/pgfsys-common-p
df.def
File: pgfsys-common-pdf.def 2013/10/10  (rcs-revision 1.13)
)))
(/usr/local/texlive/2013/texmf-dist/tex/generic/pgf/systemlayer/pgfsyssoftpath.
code.tex
File: pgfsyssoftpath.code.tex 2013/09/09  (rcs-revision 1.9)
\pgfsyssoftpath@smallbuffer@items=\count159
\pgfsyssoftpath@bigbuffer@items=\count160
)
(/usr/local/texlive/2013/texmf-dist/tex/generic/pgf/systemlayer/pgfsysprotocol.
code.tex
File: pgfsysprotocol.code.tex 2006/10/16  (rcs-revision 1.4)
))
(/usr/local/texlive/2013/texmf-dist/tex/generic/pgf/basiclayer/pgfcore.code.tex
Package: pgfcore 2010/04/11 v3.0.0 (rcs-revision 1.7)
(/usr/local/texlive/2013/texmf-dist/tex/generic/pgf/math/pgfmath.code.tex
(/usr/local/texlive/2013/texmf-dist/tex/generic/pgf/math/pgfmathcalc.code.tex
(/usr/local/texlive/2013/texmf-dist/tex/generic/pgf/math/pgfmathutil.code.tex)
(/usr/local/texlive/2013/texmf-dist/tex/generic/pgf/math/pgfmathparser.code.tex
\pgfmath@dimen=\dimen178
\pgfmath@count=\count161
\pgfmath@box=\box55
\pgfmath@toks=\toks29
\pgfmath@stack@operand=\toks30
\pgfmath@stack@operation=\toks31
)
(/usr/local/texlive/2013/texmf-dist/tex/generic/pgf/math/pgfmathfunctions.code.
tex
(/usr/local/texlive/2013/texmf-dist/tex/generic/pgf/math/pgfmathfunctions.basic
.code.tex)
(/usr/local/texlive/2013/texmf-dist/tex/generic/pgf/math/pgfmathfunctions.trigo
nometric.code.tex)
(/usr/local/texlive/2013/texmf-dist/tex/generic/pgf/math/pgfmathfunctions.rando
m.code.tex)
(/usr/local/texlive/2013/texmf-dist/tex/generic/pgf/math/pgfmathfunctions.compa
rison.code.tex)
(/usr/local/texlive/2013/texmf-dist/tex/generic/pgf/math/pgfmathfunctions.base.
code.tex)
(/usr/local/texlive/2013/texmf-dist/tex/generic/pgf/math/pgfmathfunctions.round
.code.tex)
(/usr/local/texlive/2013/texmf-dist/tex/generic/pgf/math/pgfmathfunctions.misc.
code.tex)
(/usr/local/texlive/2013/texmf-dist/tex/generic/pgf/math/pgfmathfunctions.integ
erarithmetics.code.tex)))
(/usr/local/texlive/2013/texmf-dist/tex/generic/pgf/math/pgfmathfloat.code.tex
\c@pgfmathroundto@lastzeros=\count162
))
(/usr/local/texlive/2013/texmf-dist/tex/generic/pgf/basiclayer/pgfcorepoints.co
de.tex
File: pgfcorepoints.code.tex 2013/10/07  (rcs-revision 1.27)
\pgf@picminx=\dimen179
\pgf@picmaxx=\dimen180
\pgf@picminy=\dimen181
\pgf@picmaxy=\dimen182
\pgf@pathminx=\dimen183
\pgf@pathmaxx=\dimen184
\pgf@pathminy=\dimen185
\pgf@pathmaxy=\dimen186
\pgf@xx=\dimen187
\pgf@xy=\dimen188
\pgf@yx=\dimen189
\pgf@yy=\dimen190
\pgf@zx=\dimen191
\pgf@zy=\dimen192
)
(/usr/local/texlive/2013/texmf-dist/tex/generic/pgf/basiclayer/pgfcorepathconst
ruct.code.tex
File: pgfcorepathconstruct.code.tex 2013/10/07  (rcs-revision 1.29)
\pgf@path@lastx=\dimen193
\pgf@path@lasty=\dimen194
)
(/usr/local/texlive/2013/texmf-dist/tex/generic/pgf/basiclayer/pgfcorepathusage
.code.tex
File: pgfcorepathusage.code.tex 2013/12/13  (rcs-revision 1.23)
\pgf@shorten@end@additional=\dimen195
\pgf@shorten@start@additional=\dimen196
)
(/usr/local/texlive/2013/texmf-dist/tex/generic/pgf/basiclayer/pgfcorescopes.co
de.tex
File: pgfcorescopes.code.tex 2013/10/09  (rcs-revision 1.44)
\pgfpic=\box56
\pgf@hbox=\box57
\pgf@layerbox@main=\box58
\pgf@picture@serial@count=\count163
)
(/usr/local/texlive/2013/texmf-dist/tex/generic/pgf/basiclayer/pgfcoregraphicst
ate.code.tex
File: pgfcoregraphicstate.code.tex 2013/09/19  (rcs-revision 1.11)
\pgflinewidth=\dimen197
)
(/usr/local/texlive/2013/texmf-dist/tex/generic/pgf/basiclayer/pgfcoretransform
ations.code.tex
File: pgfcoretransformations.code.tex 2013/10/10  (rcs-revision 1.17)
\pgf@pt@x=\dimen198
\pgf@pt@y=\dimen199
\pgf@pt@temp=\dimen200
)
(/usr/local/texlive/2013/texmf-dist/tex/generic/pgf/basiclayer/pgfcorequick.cod
e.tex
File: pgfcorequick.code.tex 2008/10/09  (rcs-revision 1.3)
)
(/usr/local/texlive/2013/texmf-dist/tex/generic/pgf/basiclayer/pgfcoreobjects.c
ode.tex
File: pgfcoreobjects.code.tex 2006/10/11  (rcs-revision 1.2)
)
(/usr/local/texlive/2013/texmf-dist/tex/generic/pgf/basiclayer/pgfcorepathproce
ssing.code.tex
File: pgfcorepathprocessing.code.tex 2013/09/09  (rcs-revision 1.9)
)
(/usr/local/texlive/2013/texmf-dist/tex/generic/pgf/basiclayer/pgfcorearrows.co
de.tex
File: pgfcorearrows.code.tex 2013/11/07  (rcs-revision 1.40)
\pgfarrowsep=\dimen201
)
(/usr/local/texlive/2013/texmf-dist/tex/generic/pgf/basiclayer/pgfcoreshade.cod
e.tex
File: pgfcoreshade.code.tex 2013/07/15  (rcs-revision 1.15)
Normal \dimen register pool exhausted, switching to extended pool.
\pgf@max=\dimen256
\pgf@sys@shading@range@num=\count164
)
(/usr/local/texlive/2013/texmf-dist/tex/generic/pgf/basiclayer/pgfcoreimage.cod
e.tex
File: pgfcoreimage.code.tex 2013/07/15  (rcs-revision 1.18)

(/usr/local/texlive/2013/texmf-dist/tex/generic/pgf/basiclayer/pgfcoreexternal.
code.tex
File: pgfcoreexternal.code.tex 2013/07/15  (rcs-revision 1.20)
\pgfexternal@startupbox=\box59
))
(/usr/local/texlive/2013/texmf-dist/tex/generic/pgf/basiclayer/pgfcorelayers.co
de.tex
File: pgfcorelayers.code.tex 2013/07/18  (rcs-revision 1.7)
)
(/usr/local/texlive/2013/texmf-dist/tex/generic/pgf/basiclayer/pgfcoretranspare
ncy.code.tex
File: pgfcoretransparency.code.tex 2013/09/30  (rcs-revision 1.5)
)
(/usr/local/texlive/2013/texmf-dist/tex/generic/pgf/basiclayer/pgfcorepatterns.
code.tex
File: pgfcorepatterns.code.tex 2013/11/07  (rcs-revision 1.5)
)))
(/usr/local/texlive/2013/texmf-dist/tex/generic/pgf/modules/pgfmoduleshapes.cod
e.tex
File: pgfmoduleshapes.code.tex 2013/10/31  (rcs-revision 1.34)
\pgfnodeparttextbox=\box60
)
(/usr/local/texlive/2013/texmf-dist/tex/generic/pgf/modules/pgfmoduleplot.code.
tex
File: pgfmoduleplot.code.tex 2013/07/31  (rcs-revision 1.12)
)
(/usr/local/texlive/2013/texmf-dist/tex/latex/pgf/compatibility/pgfcomp-version
-0-65.sty
Package: pgfcomp-version-0-65 2007/07/03 v3.0.0 (rcs-revision 1.7)
\pgf@nodesepstart=\dimen257
\pgf@nodesepend=\dimen258
)
(/usr/local/texlive/2013/texmf-dist/tex/latex/pgf/compatibility/pgfcomp-version
-1-18.sty
Package: pgfcomp-version-1-18 2007/07/23 v3.0.0 (rcs-revision 1.1)
))
(/usr/local/texlive/2013/texmf-dist/tex/latex/pgf/utilities/pgffor.sty
(/usr/local/texlive/2013/texmf-dist/tex/latex/pgf/utilities/pgfkeys.sty
(/usr/local/texlive/2013/texmf-dist/tex/generic/pgf/utilities/pgfkeys.code.tex)
) (/usr/local/texlive/2013/texmf-dist/tex/latex/pgf/math/pgfmath.sty
(/usr/local/texlive/2013/texmf-dist/tex/generic/pgf/math/pgfmath.code.tex))
(/usr/local/texlive/2013/texmf-dist/tex/generic/pgf/utilities/pgffor.code.tex
Package: pgffor 2013/12/13 v3.0.0 (rcs-revision 1.25)

(/usr/local/texlive/2013/texmf-dist/tex/generic/pgf/math/pgfmath.code.tex)
\pgffor@iter=\dimen259
\pgffor@skip=\dimen260
\pgffor@stack=\toks32
\pgffor@toks=\toks33
))
(/usr/local/texlive/2013/texmf-dist/tex/generic/pgf/frontendlayer/tikz/tikz.cod
e.tex
Package: tikz 2013/12/13 v3.0.0 (rcs-revision 1.142)

(/usr/local/texlive/2013/texmf-dist/tex/generic/pgf/libraries/pgflibraryplothan
dlers.code.tex
File: pgflibraryplothandlers.code.tex 2013/08/31 v3.0.0 (rcs-revision 1.20)
\pgf@plot@mark@count=\count165
\pgfplotmarksize=\dimen261
)
\tikz@lastx=\dimen262
\tikz@lasty=\dimen263
\tikz@lastxsaved=\dimen264
\tikz@lastysaved=\dimen265
\tikzleveldistance=\dimen266
\tikzsiblingdistance=\dimen267
\tikz@figbox=\box61
\tikz@figbox@bg=\box62
\tikz@tempbox=\box63
\tikz@tempbox@bg=\box64
\tikztreelevel=\count166
\tikznumberofchildren=\count167
\tikznumberofcurrentchild=\count168
\tikz@fig@count=\count169

(/usr/local/texlive/2013/texmf-dist/tex/generic/pgf/modules/pgfmodulematrix.cod
e.tex
File: pgfmodulematrix.code.tex 2013/09/17  (rcs-revision 1.8)
\pgfmatrixcurrentrow=\count170
\pgfmatrixcurrentcolumn=\count171
\pgf@matrix@numberofcolumns=\count172
)
\tikz@expandcount=\count173

(/usr/local/texlive/2013/texmf-dist/tex/generic/pgf/frontendlayer/tikz/librarie
s/tikzlibrarytopaths.code.tex
File: tikzlibrarytopaths.code.tex 2008/06/17 v3.0.0 (rcs-revision 1.2)
)))
(/usr/local/texlive/2013/texmf-dist/tex/generic/pgf/frontendlayer/tikz/librarie
s/tikzlibrarypositioning.code.tex
File: tikzlibrarypositioning.code.tex 2008/10/06 v3.0.0 (rcs-revision 1.7)
)
\c@@todonotes@numberoftodonotes=\count174
)
(/usr/local/texlive/2013/texmf-dist/tex/latex/hyperref/hyperref.sty
Package: hyperref 2012/11/06 v6.83m Hypertext links for LaTeX

(/usr/local/texlive/2013/texmf-dist/tex/generic/oberdiek/hobsub-hyperref.sty
Package: hobsub-hyperref 2012/05/28 v1.13 Bundle oberdiek, subset hyperref (HO)


(/usr/local/texlive/2013/texmf-dist/tex/generic/oberdiek/hobsub-generic.sty
Package: hobsub-generic 2012/05/28 v1.13 Bundle oberdiek, subset generic (HO)
Package: hobsub 2012/05/28 v1.13 Construct package bundles (HO)
Package hobsub Info: Skipping package `infwarerr' (already loaded).
Package hobsub Info: Skipping package `ltxcmds' (already loaded).
Package: ifluatex 2010/03/01 v1.3 Provides the ifluatex switch (HO)
Package ifluatex Info: LuaTeX not detected.
Package: ifvtex 2010/03/01 v1.5 Detect VTeX and its facilities (HO)
Package ifvtex Info: VTeX not detected.
Package: intcalc 2007/09/27 v1.1 Expandable calculations with integers (HO)
Package hobsub Info: Skipping package `ifpdf' (already loaded).
Package: etexcmds 2011/02/16 v1.5 Avoid name clashes with e-TeX commands (HO)
Package etexcmds Info: Could not find \expanded.
(etexcmds)             That can mean that you are not using pdfTeX 1.50 or
(etexcmds)             that some package has redefined \expanded.
(etexcmds)             In the latter case, load this package earlier.
Package: kvsetkeys 2012/04/25 v1.16 Key value parser (HO)
Package: kvdefinekeys 2011/04/07 v1.3 Define keys (HO)
Package: pdftexcmds 2011/11/29 v0.20 Utility functions of pdfTeX for LuaTeX (HO
)
Package pdftexcmds Info: LuaTeX not detected.
Package pdftexcmds Info: \pdf@primitive is available.
Package pdftexcmds Info: \pdf@ifprimitive is available.
Package pdftexcmds Info: \pdfdraftmode found.
Package: pdfescape 2011/11/25 v1.13 Implements pdfTeX's escape features (HO)
Package: bigintcalc 2012/04/08 v1.3 Expandable calculations on big integers (HO
)
Package: bitset 2011/01/30 v1.1 Handle bit-vector datatype (HO)
Package: uniquecounter 2011/01/30 v1.2 Provide unlimited unique counter (HO)
)
Package hobsub Info: Skipping package `hobsub' (already loaded).
Package: letltxmacro 2010/09/02 v1.4 Let assignment for LaTeX macros (HO)
Package: hopatch 2012/05/28 v1.2 Wrapper for package hooks (HO)
Package: xcolor-patch 2011/01/30 xcolor patch
Package: atveryend 2011/06/30 v1.8 Hooks at the very end of document (HO)
Package atveryend Info: \enddocument detected (standard20110627).
Package hobsub Info: Skipping package `atbegshi' (already loaded).
Package: refcount 2011/10/16 v3.4 Data extraction from label references (HO)
Package: hycolor 2011/01/30 v1.7 Color options for hyperref/bookmark (HO)
)
(/usr/local/texlive/2013/texmf-dist/tex/generic/ifxetex/ifxetex.sty
Package: ifxetex 2010/09/12 v0.6 Provides ifxetex conditional
)
(/usr/local/texlive/2013/texmf-dist/tex/latex/oberdiek/auxhook.sty
Package: auxhook 2011/03/04 v1.3 Hooks for auxiliary files (HO)
)
(/usr/local/texlive/2013/texmf-dist/tex/latex/oberdiek/kvoptions.sty
Package: kvoptions 2011/06/30 v3.11 Key value format for package options (HO)
)
\@linkdim=\dimen268
\Hy@linkcounter=\count175
\Hy@pagecounter=\count176

(/usr/local/texlive/2013/texmf-dist/tex/latex/hyperref/pd1enc.def
File: pd1enc.def 2012/11/06 v6.83m Hyperref: PDFDocEncoding definition (HO)
)
\Hy@SavedSpaceFactor=\count177

(/usr/local/texlive/2013/texmf-dist/tex/latex/latexconfig/hyperref.cfg
File: hyperref.cfg 2002/06/06 v1.2 hyperref configuration of TeXLive
)
Package hyperref Info: Hyper figures OFF on input line 4443.
Package hyperref Info: Link nesting OFF on input line 4448.
Package hyperref Info: Hyper index ON on input line 4451.
Package hyperref Info: Plain pages OFF on input line 4458.
Package hyperref Info: Backreferencing OFF on input line 4463.
Package hyperref Info: Implicit mode ON; LaTeX internals redefined.
Package hyperref Info: Bookmarks ON on input line 4688.
\c@Hy@tempcnt=\count178

(/usr/local/texlive/2013/texmf-dist/tex/latex/url/url.sty
\Urlmuskip=\muskip16
Package: url 2013/09/16  ver 3.4  Verb mode for urls, etc.
)
LaTeX Info: Redefining \url on input line 5041.
\XeTeXLinkMargin=\dimen269
\Fld@menulength=\count179
\Field@Width=\dimen270
\Fld@charsize=\dimen271
Package hyperref Info: Hyper figures OFF on input line 6295.
Package hyperref Info: Link nesting OFF on input line 6300.
Package hyperref Info: Hyper index ON on input line 6303.
Package hyperref Info: backreferencing OFF on input line 6310.
Package hyperref Info: Link coloring OFF on input line 6315.
Package hyperref Info: Link coloring with OCG OFF on input line 6320.
Package hyperref Info: PDF/A mode OFF on input line 6325.
LaTeX Info: Redefining \ref on input line 6365.
LaTeX Info: Redefining \pageref on input line 6369.
\Hy@abspage=\count180
\c@Item=\count181
\c@Hfootnote=\count182
)

Package hyperref Message: Driver (autodetected): hpdftex.

(/usr/local/texlive/2013/texmf-dist/tex/latex/hyperref/hpdftex.def
File: hpdftex.def 2012/11/06 v6.83m Hyperref driver for pdfTeX
\Fld@listcount=\count183
\c@bookmark@seq@number=\count184

(/usr/local/texlive/2013/texmf-dist/tex/latex/oberdiek/rerunfilecheck.sty
Package: rerunfilecheck 2011/04/15 v1.7 Rerun checks for auxiliary files (HO)
Package uniquecounter Info: New unique counter `rerunfilecheck' on input line 2
82.
)
\Hy@SectionHShift=\skip76
)
(./template.aux (./template_frontmatter.aux) (./Chapter1/chapter1.aux)
(./Chapter5/chapter5.aux) (./Chapter6/chapter6.aux))
\openout1 = `template.aux'.

LaTeX Font Info:    Checking defaults for OML/cmm/m/it on input line 170.
LaTeX Font Info:    ... okay on input line 170.
LaTeX Font Info:    Checking defaults for T1/cmr/m/n on input line 170.
LaTeX Font Info:    ... okay on input line 170.
LaTeX Font Info:    Checking defaults for OT1/cmr/m/n on input line 170.
LaTeX Font Info:    ... okay on input line 170.
LaTeX Font Info:    Checking defaults for OMS/cmsy/m/n on input line 170.
LaTeX Font Info:    ... okay on input line 170.
LaTeX Font Info:    Checking defaults for OMX/cmex/m/n on input line 170.
LaTeX Font Info:    ... okay on input line 170.
LaTeX Font Info:    Checking defaults for U/cmr/m/n on input line 170.
LaTeX Font Info:    ... okay on input line 170.
LaTeX Font Info:    Checking defaults for PD1/pdf/m/n on input line 170.
LaTeX Font Info:    ... okay on input line 170.

(/usr/local/texlive/2013/texmf-dist/tex/context/base/supp-pdf.mkii
[Loading MPS to PDF converter (version 2006.09.02).]
\scratchcounter=\count185
\scratchdimen=\dimen272
\scratchbox=\box65
\nofMPsegments=\count186
\nofMParguments=\count187
\everyMPshowfont=\toks34
\MPscratchCnt=\count188
\MPscratchDim=\dimen273
\MPnumerator=\count189
\makeMPintoPDFobject=\count190
\everyMPtoPDFconversion=\toks35
) (/usr/local/texlive/2013/texmf-dist/tex/latex/oberdiek/epstopdf-base.sty
Package: epstopdf-base 2010/02/09 v2.5 Base part for package epstopdf

(/usr/local/texlive/2013/texmf-dist/tex/latex/oberdiek/grfext.sty
Package: grfext 2010/08/19 v1.1 Manage graphics extensions (HO)
)
Package grfext Info: Graphics extension search list:
(grfext)             [.png,.pdf,.jpg,.mps,.jpeg,.jbig2,.jb2,.PNG,.PDF,.JPG,.JPE
G,.JBIG2,.JB2,.eps]
(grfext)             \AppendGraphicsExtensions on input line 452.

(/usr/local/texlive/2013/texmf-dist/tex/latex/latexconfig/epstopdf-sys.cfg
File: epstopdf-sys.cfg 2010/07/13 v1.3 Configuration of (r)epstopdf for TeX Liv
e
))
Package caption Info: Begin \AtBeginDocument code.
Package caption Info: subfig package v1.3 is loaded.
Package caption Info: hyperref package is loaded.
Package caption Info: longtable package is loaded.

(/usr/local/texlive/2013/texmf-dist/tex/latex/caption/ltcaption.sty
Package: ltcaption 2013/02/03 v1.3-62 longtable captions (AR)
)
Package caption Info: End \AtBeginDocument code.
\AtBeginShipoutBox=\box66

(/usr/local/texlive/2013/texmf-dist/tex/latex/beamer/translator/dicts/translato
r-basic-dictionary/translator-basic-dictionary-English.dict
Dictionary: translator-basic-dictionary, Language: English 
)
(/usr/local/texlive/2013/texmf-dist/tex/latex/siunitx/config/siunitx-abbreviati
ons.cfg
File: siunitx-abbreviations.cfg 2013/07/31 v2.5s siunitx: Abbreviated units
) ABD: EveryShipout initializing macros
Package hyperref Info: Link coloring OFF on input line 170.

(/usr/local/texlive/2013/texmf-dist/tex/latex/hyperref/nameref.sty
Package: nameref 2012/10/27 v2.43 Cross-referencing by name of section

(/usr/local/texlive/2013/texmf-dist/tex/generic/oberdiek/gettitlestring.sty
Package: gettitlestring 2010/12/03 v1.4 Cleanup title references (HO)
)
\c@section@level=\count191
)
LaTeX Info: Redefining \ref on input line 170.
LaTeX Info: Redefining \pageref on input line 170.
LaTeX Info: Redefining \nameref on input line 170.

(./template.out) (./template.out)
\@outlinefile=\write4
\openout4 = `template.out'.

\c__siunitx_mathsf_int=\count192
LaTeX Font Info:    External font `cmex10' loaded for size
(Font)              <12> on input line 170.
LaTeX Font Info:    External font `cmex10' loaded for size
(Font)              <8> on input line 170.
LaTeX Font Info:    External font `cmex10' loaded for size
(Font)              <6> on input line 170.
\c__siunitx_mathtt_int=\count193
\openout2 = `template_frontmatter.aux'.

 (./template_frontmatter.tex
Underfull \hbox (badness 10000) in paragraph at lines 49--49

 []

[1


{/usr/local/texlive/2013/texmf-var/fonts/map/pdftex/updmap/pdftex.map}]
[2]

Package hyperref Warning: bookmark level for unknown frontmatter defaults to 0.


[3] [4] [5] (./template.toc
Overfull \hbox (4.93503pt too wide) in paragraph at lines 16--16
 [][] [][]\OT1/cmr/m/n/12 Xenorhodopsins, an enig-matic new class of mi-cro-bia
l rhodopsins 
 []

[6])
\tf@toc=\write5
\openout5 = `template.toc'.

 [7] (./template.lof
Overfull \hbox (2.34569pt too wide) in paragraph at lines 3--3
 \OT1/cmr/m/n/12 clas-si-fied us-ing Phy-losift? with two dif-fer-ent ref-er-en
ce databases. 
 []


Overfull \hbox (0.92255pt too wide) in paragraph at lines 7--7
 [][] [][]\OT1/cmr/m/n/12 Salt con-cen-tra-tion lim-its for some mi-cro-bial me
tabolic pro-cesses. 
 []

[8])
\tf@lof=\write6
\openout6 = `template.lof'.

 [9] (./template.lot)
\tf@lot=\write7
\openout7 = `template.lot'.

 [10] [11]
Overfull \hbox (11.20352pt too wide) in paragraph at lines 139--140
[]\OT1/cmr/m/n/12 Research as-sis-tant, Whit-ney Lab-o-ra-tory for Ma-rine Bio-
sciences,
 []

[12] [13] [14])
\openout2 = `Chapter1/chapter1.aux'.

 (./Chapter1/chapter1.tex
Chapter 1.
Missing character: There is no Õ in font cmr12!
[1



] [2] [3]
Package hyperref Info: bookmark level for unknown todo defaults to 0 on input l
ine 24.
 [4]
<Chapter1/Figures/Metagenomics_GeneCentric_vs_Assembly.pdf, id=538, 436.63126pt
 x 438.63875pt>
File: Chapter1/Figures/Metagenomics_GeneCentric_vs_Assembly.pdf Graphic file (t
ype pdf)

<use Chapter1/Figures/Metagenomics_GeneCentric_vs_Assembly.pdf>
Package pdftex.def Info: Chapter1/Figures/Metagenomics_GeneCentric_vs_Assembly.
pdf used on input line 50.
(pdftex.def)             Requested size: 419.16621pt x 421.0951pt.
Missing character: There is no ß in font cmr12!
 [5] [6 <./Chapter1/Figures/Metagenomics_GeneCentric_vs_Assembly.pdf>]
Missing character: There is no ß in font cmr12!
 [7]
Missing character: There is no ß in font cmr12!
 [8] [9]
<Chapter1/Figures/HaloG22_16S_v2-2.pdf, id=720, 1410.26875pt x 2024.56375pt>
File: Chapter1/Figures/HaloG22_16S_v2-2.pdf Graphic file (type pdf)

<use Chapter1/Figures/HaloG22_16S_v2-2.pdf>
Package pdftex.def Info: Chapter1/Figures/HaloG22_16S_v2-2.pdf used on input li
ne 89.
(pdftex.def)             Requested size: 419.16621pt x 601.75142pt.


LaTeX Warning: Float too large for page by 27.26332pt on input line 92.

<Chapter1/Figures/HaloG22_v6.pdf, id=721, 2349.77875pt x 1683.28876pt>
File: Chapter1/Figures/HaloG22_v6.pdf Graphic file (type pdf)

<use Chapter1/Figures/HaloG22_v6.pdf>
Package pdftex.def Info: Chapter1/Figures/HaloG22_v6.pdf used on input line 97.

(pdftex.def)             Requested size: 419.16621pt x 300.2563pt.

<Chapter1/Figures/IonicComposition.pdf, id=724, 519.9425pt x 260.975pt>
File: Chapter1/Figures/IonicComposition.pdf Graphic file (type pdf)

<use Chapter1/Figures/IonicComposition.pdf>
Package pdftex.def Info: Chapter1/Figures/IonicComposition.pdf used on input li
ne 105.
(pdftex.def)             Requested size: 419.16621pt x 210.39305pt.

<Chapter1/Figures/HaloMetabolism.pdf, id=727, 532.99126pt x 322.20375pt>
File: Chapter1/Figures/HaloMetabolism.pdf Graphic file (type pdf)

<use Chapter1/Figures/HaloMetabolism.pdf>
Package pdftex.def Info: Chapter1/Figures/HaloMetabolism.pdf used on input line
 113.
(pdftex.def)             Requested size: 419.16621pt x 253.40247pt.

Underfull \hbox (badness 10000) in paragraph at lines 136--136
\OT1/cmr/m/it/12 cro-bium, Halonotius, Halopelag-ius,
 []


Underfull \hbox (badness 1087) in paragraph at lines 136--136
\OT1/cmr/m/it/12 Halop-iger, Halo-planus, Halo-quadra-tum,
 []


Underfull \hbox (badness 2393) in paragraph at lines 136--136
\OT1/cmr/m/it/12 Halorhab-dus, Halorubrum, Halorus-sus,
 []


Underfull \hbox (badness 10000) in paragraph at lines 136--136
\OT1/cmr/m/it/12 Halosarcina, Halosim-plex, Halostag-
 []


Underfull \hbox (badness 2547) in paragraph at lines 136--136
\OT1/cmr/m/it/12 ni-cola, Haloter-ri-gena, Halo-vi-vax, Na-
 []


Underfull \hbox (badness 4001) in paragraph at lines 136--136
\OT1/cmr/m/it/12 tri-alba, Na-trinema, Na-tronoar-chaeum,
 []


Underfull \hbox (badness 10000) in paragraph at lines 136--136
\OT1/cmr/m/it/12 Na-tronobac-terium, Na-trono-coc-cus,
 []


Underfull \hbox (badness 1931) in paragraph at lines 136--136
\OT1/cmr/m/it/12 Na-trono-lim-no-bius, Na-tronomonas, Na-
 []


Overfull \hbox (3.912pt too wide) in paragraph at lines 136--136
[]|\OT1/cmr/m/it/12 Methanomicrobia| 
 []


Underfull \hbox (badness 10000) in paragraph at lines 136--136
[]|\OT1/cmr/m/it/12 Methanohalobium, Methanocal-cu-lus,
 []


Overfull \hbox (1.81194pt too wide) in paragraph at lines 136--136
[]|\OT1/cmr/m/it/12 Nanohaloarchaea| 
 []


Underfull \hbox (badness 3088) in paragraph at lines 190--190
[]|\OT1/cmr/m/it/12 Actinopolyspora, Amy-co-latop-sis, Geor-
 []


Underfull \hbox (badness 10000) in paragraph at lines 190--190
\OT1/cmr/m/it/12 ge-nia, Corynebac-terium, Haloacti-
 []


Underfull \hbox (badness 10000) in paragraph at lines 190--190
\OT1/cmr/m/it/12 nobac-terium, Haloactinopolyspora,
 []


Underfull \hbox (badness 10000) in paragraph at lines 190--190
\OT1/cmr/m/it/12 Haloechinothrix, Halo-gly-comyces,
 []


Underfull \hbox (badness 3989) in paragraph at lines 190--190
\OT1/cmr/m/it/12 Nesteren-jo-nia, No-car-diop-sis, Haloacti-
 []


Underfull \hbox (badness 10000) in paragraph at lines 190--190
\OT1/cmr/m/it/12 Filobacil-lus, Gra-cilibacil-lus, Ha-lal-ka-
 []


Underfull \hbox (badness 6493) in paragraph at lines 190--190
\OT1/cmr/m/it/12 libacil-lus, Halo-lactibacil-lus, Halobacil-
 []


Underfull \hbox (badness 10000) in paragraph at lines 190--190
\OT1/cmr/m/it/12 lus, Jeot-gal-ibacil-lus, Len-tibacil-lus,
 []


Underfull \hbox (badness 10000) in paragraph at lines 190--190
\OT1/cmr/m/it/12 Oceanobacil-lus,Ornithinibacillus, Par-
 []


Underfull \hbox (badness 1210) in paragraph at lines 190--190
\OT1/cmr/m/it/12 Sal-imi-cro-bium, Salin-i-bacil-lus, Salirhab-
 []


Underfull \hbox (badness 1112) in paragraph at lines 190--190
\OT1/cmr/m/it/12 dus, Sal-sug-ini-bacil-lus, Sed-i-mini-bacil-lus,
 []


Underfull \hbox (badness 10000) in paragraph at lines 190--190
\OT1/cmr/m/it/12 Salin-ic-oc-cus, Tenuibacil-lus, Tha-las-
 []


Underfull \hbox (badness 10000) in paragraph at lines 190--190
[]|\OT1/cmr/m/it/12 Acetohalobium, Ha-lanaer-obac-ter, Ha-
 []


Underfull \hbox (badness 10000) in paragraph at lines 190--190
\OT1/cmr/m/it/12 Halona-tronum, Halother-moth-rix, Na-
 []


Underfull \hbox (badness 6542) in paragraph at lines 190--190
\OT1/cmr/m/it/12 Ore-nia, Se-leni-ha-lanaer-obac-ter, Sporo-
 []


Overfull \hbox (16.06209pt too wide) in paragraph at lines 190--190
[]|\OT1/cmr/m/it/12 Alphaproteobacteria| 
 []


Underfull \hbox (badness 1527) in paragraph at lines 190--190
\OT1/cmr/m/it/12 Maribius, Marispir-il-lum, Methy-lar-cula,
 []


Underfull \hbox (badness 7925) in paragraph at lines 190--190
\OT1/cmr/m/it/12 Oceanibul-bus, Ocean-i-cola, Pallero-nia,
 []


Underfull \hbox (badness 10000) in paragraph at lines 190--190
\OT1/cmr/m/it/12 Para-coc-cus, Pon-tic-oc-cus, Rhodobium,
 []


Underfull \hbox (badness 3449) in paragraph at lines 190--190
\OT1/cmr/m/it/12 Ro-seisal-i-nus, Roseospira, Roseo-var-ius,
 []


Underfull \hbox (badness 10000) in paragraph at lines 190--190
\OT1/cmr/m/it/12 Shimia, Sul-fi-to-bac-ter, Trop-i-cibac-ter,
 []


Overfull \hbox (26.92053pt too wide) in paragraph at lines 190--190
[]|\OT1/cmr/m/it/12 Gammaproteobacteria| 
 []


Underfull \hbox (badness 10000) in paragraph at lines 190--190
[]|\OT1/cmr/m/it/12 Aidingimonas, Al-canivo-rax, Al-kalilm-
 []


Underfull \hbox (badness 10000) in paragraph at lines 190--190
\OT1/cmr/m/it/12 ni-cola, Al-teromonas, Aes-tu-ari-ibac-ter,
 []


Underfull \hbox (badness 10000) in paragraph at lines 190--190
\OT1/cmr/m/it/12 Aquisal-imonas, Arhodomonas, Carn-
 []


Underfull \hbox (badness 10000) in paragraph at lines 190--190
\OT1/cmr/m/it/12 i-monas, Chro-mo-halobac-ter, Co-be-tia,
 []


Underfull \hbox (badness 10000) in paragraph at lines 190--190
\OT1/cmr/m/it/12 Ec-toth-iorh-od-spira, Ec-toth-iorho-dos-i-
 []


Underfull \hbox (badness 1490) in paragraph at lines 190--190
\OT1/cmr/m/it/12 nus, Glaciecola, Gilvi-mar-i-nus, Haliea,
 []


Underfull \hbox (badness 1297) in paragraph at lines 190--190
\OT1/cmr/m/it/12 Halochro-matium, Halomonas, Halorho-
 []


Underfull \hbox (badness 10000) in paragraph at lines 190--190
\OT1/cmr/m/it/12 dospira, Halospina, Haloth-iobacil-lus,
 []


Underfull \hbox (badness 10000) in paragraph at lines 190--190
\OT1/cmr/m/it/12 Id-ioma-rina, Kush-ne-ria, Marichro-
 []


Underfull \hbox (badness 10000) in paragraph at lines 190--190
\OT1/cmr/m/it/12 matium, Mari-nobac-ter, Mari-nobac-
 []


Underfull \hbox (badness 10000) in paragraph at lines 190--190
\OT1/cmr/m/it/12 terium, Melitea, Methy-lo-halomonas,
 []


Underfull \hbox (badness 10000) in paragraph at lines 190--190
\OT1/cmr/m/it/12 Mi-crob-ulb-ifer, Mod-i-cisal-ibac-ter, Ni-
 []


Underfull \hbox (badness 10000) in paragraph at lines 190--190
\OT1/cmr/m/it/12 trin-cola, Oleispira, Pseu-did-ioma-rina,
 []


Underfull \hbox (badness 10000) in paragraph at lines 190--190
\OT1/cmr/m/it/12 domonas, Sac-carospir-il-lum, Sal-i-cola,
 []


Underfull \hbox (badness 5331) in paragraph at lines 190--190
\OT1/cmr/m/it/12 Salin-i-cola, Salin-is-phaera, Salin-ivib-rio,
 []


Underfull \hbox (badness 1688) in paragraph at lines 190--190
\OT1/cmr/m/it/12 halobac-ter, Thio-halorhab-dus, Thio-halo-
 []


Underfull \hbox (badness 1960) in paragraph at lines 190--190
\OT1/cmr/m/it/12 capsa, Thio-halomonas, Thio-halophilus,
 []


Overfull \hbox (13.801pt too wide) in paragraph at lines 190--190
[]|\OT1/cmr/m/it/12 Deltaproteobacteria| 
 []


Underfull \hbox (badness 8075) in paragraph at lines 190--190
[]|\OT1/cmr/m/it/12 Desulfocella, Desul-fo-halo-bium, Desul-
 []


Underfull \hbox (badness 10000) in paragraph at lines 190--190
\OT1/cmr/m/it/12 fona-tronospira, Desul-fos-al-si-monas,
 []


Overfull \hbox (24.6011pt too wide) in paragraph at lines 190--190
[]|\OT1/cmr/m/it/12 Epsilonproteobacteria| 
 []


LaTeX Warning: Float too large for page by 819.0949pt on input line 194.

LaTeX Font Info:    Try loading font information for OML+cmr on input line 198.

(/usr/local/texlive/2013/texmf-dist/tex/latex/base/omlcmr.fd
File: omlcmr.fd 1999/05/25 v2.5h Standard LaTeX font definitions
)
LaTeX Font Info:    Font shape `OML/cmr/m/n' in size <12> not available
(Font)              Font shape `OML/cmm/m/it' tried instead on input line 198.
 [10] [11 <./Chapter1/Figures/HaloG22_16S_v2-2.pdf>] [12 <./Chapter1/Figures/Ha
loG22_v6.pdf>]
[13 <./Chapter1/Figures/IonicComposition.pdf> <./Chapter1/Figures/HaloMetabolis
m.pdf>] [14] [15]
Overfull \hbox (6.76686pt too wide) in paragraph at lines 211--212
\OT1/cmr/m/n/12 scribes a bioin-for-matic ap-proach for the anal-y-sis of ge-ne
tic di-ver-sity in a metagenome
 []

<Chapter1/Figures/LT_Map.pdf, id=939, 219.82124pt x 291.0875pt>
File: Chapter1/Figures/LT_Map.pdf Graphic file (type pdf)

<use Chapter1/Figures/LT_Map.pdf>
Package pdftex.def Info: Chapter1/Figures/LT_Map.pdf used on input line 216.
(pdftex.def)             Requested size: 419.16621pt x 555.07959pt.
) [16] [17 <./Chapter1/Figures/LT_Map.pdf>]
Chapter 2.


pdfTeX warning: /usr/texbin/pdflatex (file ./PDFs/Narasingarao2012.pdf): PDF in
clusion: found PDF version <1.6>, but at most version <1.5> allowed
<PDFs/Narasingarao2012.pdf, id=991, 597.50829pt x 796.67737pt>
File: PDFs/Narasingarao2012.pdf Graphic file (type pdf)

<use PDFs/Narasingarao2012.pdf>
Package pdftex.def Info: PDFs/Narasingarao2012.pdf used on input line 204.
(pdftex.def)             Requested size: 597.50682pt x 796.67543pt.


pdfTeX warning: /usr/texbin/pdflatex (file ./PDFs/Narasingarao2012.pdf): PDF in
clusion: found PDF version <1.6>, but at most version <1.5> allowed
File: PDFs/Narasingarao2012.pdf Graphic file (type pdf)
<use PDFs/Narasingarao2012.pdf>
Package pdftex.def Info: PDFs/Narasingarao2012.pdf used on input line 204.
(pdftex.def)             Requested size: 597.50682pt x 796.67543pt.


pdfTeX warning: /usr/texbin/pdflatex (file ./PDFs/Narasingarao2012.pdf): PDF in
clusion: found PDF version <1.6>, but at most version <1.5> allowed
[18


]

pdfTeX warning: /usr/texbin/pdflatex (file ./PDFs/Narasingarao2012.pdf): PDF in
clusion: found PDF version <1.6>, but at most version <1.5> allowed
<PDFs/Narasingarao2012.pdf, id=999, page=1, 597.50829pt x 796.67737pt>
File: PDFs/Narasingarao2012.pdf Graphic file (type pdf)

<use PDFs/Narasingarao2012.pdf, page 1>
Package pdftex.def Info: PDFs/Narasingarao2012.pdf, page1 used on input line 20
4.
(pdftex.def)             Requested size: 597.50682pt x 796.67543pt.
File: PDFs/Narasingarao2012.pdf Graphic file (type pdf)

<use PDFs/Narasingarao2012.pdf, page 1>
Package pdftex.def Info: PDFs/Narasingarao2012.pdf, page1 used on input line 20
4.
(pdftex.def)             Requested size: 448.13011pt x 597.50656pt.
File: PDFs/Narasingarao2012.pdf Graphic file (type pdf)

<use PDFs/Narasingarao2012.pdf, page 1>
Package pdftex.def Info: PDFs/Narasingarao2012.pdf, page1 used on input line 20
4.
(pdftex.def)             Requested size: 448.13011pt x 597.50656pt.
File: PDFs/Narasingarao2012.pdf Graphic file (type pdf)

<use PDFs/Narasingarao2012.pdf, page 1>
Package pdftex.def Info: PDFs/Narasingarao2012.pdf, page1 used on input line 20
4.
(pdftex.def)             Requested size: 448.13011pt x 597.50656pt.
File: PDFs/Narasingarao2012.pdf Graphic file (type pdf)

<use PDFs/Narasingarao2012.pdf, page 1>
Package pdftex.def Info: PDFs/Narasingarao2012.pdf, page1 used on input line 20
4.
(pdftex.def)             Requested size: 448.13011pt x 597.50656pt.
 [19 <./PDFs/Narasingarao2012.pdf>]

pdfTeX warning: /usr/texbin/pdflatex (file ./PDFs/Narasingarao2012.pdf): PDF in
clusion: found PDF version <1.6>, but at most version <1.5> allowed
<PDFs/Narasingarao2012.pdf, id=1043, page=2, 597.50829pt x 796.67737pt>
File: PDFs/Narasingarao2012.pdf Graphic file (type pdf)

<use PDFs/Narasingarao2012.pdf, page 2>
Package pdftex.def Info: PDFs/Narasingarao2012.pdf, page2 used on input line 20
4.
(pdftex.def)             Requested size: 448.13011pt x 597.50656pt.
File: PDFs/Narasingarao2012.pdf Graphic file (type pdf)

<use PDFs/Narasingarao2012.pdf, page 2>
Package pdftex.def Info: PDFs/Narasingarao2012.pdf, page2 used on input line 20
4.
(pdftex.def)             Requested size: 448.13011pt x 597.50656pt.
File: PDFs/Narasingarao2012.pdf Graphic file (type pdf)

<use PDFs/Narasingarao2012.pdf, page 2>
Package pdftex.def Info: PDFs/Narasingarao2012.pdf, page2 used on input line 20
4.
(pdftex.def)             Requested size: 448.13011pt x 597.50656pt.
 [20 <./PDFs/Narasingarao2012.pdf>]

pdfTeX warning: /usr/texbin/pdflatex (file ./PDFs/Narasingarao2012.pdf): PDF in
clusion: found PDF version <1.6>, but at most version <1.5> allowed
<PDFs/Narasingarao2012.pdf, id=1062, page=3, 597.50829pt x 796.67737pt>
File: PDFs/Narasingarao2012.pdf Graphic file (type pdf)

<use PDFs/Narasingarao2012.pdf, page 3>
Package pdftex.def Info: PDFs/Narasingarao2012.pdf, page3 used on input line 20
4.
(pdftex.def)             Requested size: 448.13011pt x 597.50656pt.
File: PDFs/Narasingarao2012.pdf Graphic file (type pdf)

<use PDFs/Narasingarao2012.pdf, page 3>
Package pdftex.def Info: PDFs/Narasingarao2012.pdf, page3 used on input line 20
4.
(pdftex.def)             Requested size: 448.13011pt x 597.50656pt.
File: PDFs/Narasingarao2012.pdf Graphic file (type pdf)

<use PDFs/Narasingarao2012.pdf, page 3>
Package pdftex.def Info: PDFs/Narasingarao2012.pdf, page3 used on input line 20
4.
(pdftex.def)             Requested size: 448.13011pt x 597.50656pt.
 [21 <./PDFs/Narasingarao2012.pdf>]

pdfTeX warning: /usr/texbin/pdflatex (file ./PDFs/Narasingarao2012.pdf): PDF in
clusion: found PDF version <1.6>, but at most version <1.5> allowed
<PDFs/Narasingarao2012.pdf, id=1108, page=4, 597.50829pt x 796.67737pt>
File: PDFs/Narasingarao2012.pdf Graphic file (type pdf)

<use PDFs/Narasingarao2012.pdf, page 4>
Package pdftex.def Info: PDFs/Narasingarao2012.pdf, page4 used on input line 20
4.
(pdftex.def)             Requested size: 448.13011pt x 597.50656pt.
File: PDFs/Narasingarao2012.pdf Graphic file (type pdf)

<use PDFs/Narasingarao2012.pdf, page 4>
Package pdftex.def Info: PDFs/Narasingarao2012.pdf, page4 used on input line 20
4.
(pdftex.def)             Requested size: 448.13011pt x 597.50656pt.
File: PDFs/Narasingarao2012.pdf Graphic file (type pdf)

<use PDFs/Narasingarao2012.pdf, page 4>
Package pdftex.def Info: PDFs/Narasingarao2012.pdf, page4 used on input line 20
4.
(pdftex.def)             Requested size: 448.13011pt x 597.50656pt.
 [22 <./PDFs/Narasingarao2012.pdf>]

pdfTeX warning: /usr/texbin/pdflatex (file ./PDFs/Narasingarao2012.pdf): PDF in
clusion: found PDF version <1.6>, but at most version <1.5> allowed
<PDFs/Narasingarao2012.pdf, id=1123, page=5, 597.50829pt x 796.67737pt>
File: PDFs/Narasingarao2012.pdf Graphic file (type pdf)

<use PDFs/Narasingarao2012.pdf, page 5>
Package pdftex.def Info: PDFs/Narasingarao2012.pdf, page5 used on input line 20
4.
(pdftex.def)             Requested size: 448.13011pt x 597.50656pt.
File: PDFs/Narasingarao2012.pdf Graphic file (type pdf)

<use PDFs/Narasingarao2012.pdf, page 5>
Package pdftex.def Info: PDFs/Narasingarao2012.pdf, page5 used on input line 20
4.
(pdftex.def)             Requested size: 448.13011pt x 597.50656pt.
File: PDFs/Narasingarao2012.pdf Graphic file (type pdf)

<use PDFs/Narasingarao2012.pdf, page 5>
Package pdftex.def Info: PDFs/Narasingarao2012.pdf, page5 used on input line 20
4.
(pdftex.def)             Requested size: 448.13011pt x 597.50656pt.
 [23 <./PDFs/Narasingarao2012.pdf>]

pdfTeX warning: /usr/texbin/pdflatex (file ./PDFs/Narasingarao2012.pdf): PDF in
clusion: found PDF version <1.6>, but at most version <1.5> allowed
<PDFs/Narasingarao2012.pdf, id=1134, page=6, 597.50829pt x 796.67737pt>
File: PDFs/Narasingarao2012.pdf Graphic file (type pdf)

<use PDFs/Narasingarao2012.pdf, page 6>
Package pdftex.def Info: PDFs/Narasingarao2012.pdf, page6 used on input line 20
4.
(pdftex.def)             Requested size: 448.13011pt x 597.50656pt.
File: PDFs/Narasingarao2012.pdf Graphic file (type pdf)

<use PDFs/Narasingarao2012.pdf, page 6>
Package pdftex.def Info: PDFs/Narasingarao2012.pdf, page6 used on input line 20
4.
(pdftex.def)             Requested size: 448.13011pt x 597.50656pt.
File: PDFs/Narasingarao2012.pdf Graphic file (type pdf)

<use PDFs/Narasingarao2012.pdf, page 6>
Package pdftex.def Info: PDFs/Narasingarao2012.pdf, page6 used on input line 20
4.
(pdftex.def)             Requested size: 448.13011pt x 597.50656pt.
 [24 <./PDFs/Narasingarao2012.pdf>]

pdfTeX warning: /usr/texbin/pdflatex (file ./PDFs/Narasingarao2012.pdf): PDF in
clusion: found PDF version <1.6>, but at most version <1.5> allowed
<PDFs/Narasingarao2012.pdf, id=1146, page=7, 597.50829pt x 796.67737pt>
File: PDFs/Narasingarao2012.pdf Graphic file (type pdf)

<use PDFs/Narasingarao2012.pdf, page 7>
Package pdftex.def Info: PDFs/Narasingarao2012.pdf, page7 used on input line 20
4.
(pdftex.def)             Requested size: 448.13011pt x 597.50656pt.
File: PDFs/Narasingarao2012.pdf Graphic file (type pdf)

<use PDFs/Narasingarao2012.pdf, page 7>
Package pdftex.def Info: PDFs/Narasingarao2012.pdf, page7 used on input line 20
4.
(pdftex.def)             Requested size: 448.13011pt x 597.50656pt.
File: PDFs/Narasingarao2012.pdf Graphic file (type pdf)

<use PDFs/Narasingarao2012.pdf, page 7>
Package pdftex.def Info: PDFs/Narasingarao2012.pdf, page7 used on input line 20
4.
(pdftex.def)             Requested size: 448.13011pt x 597.50656pt.
 [25 <./PDFs/Narasingarao2012.pdf>]

pdfTeX warning: /usr/texbin/pdflatex (file ./PDFs/Narasingarao2012.pdf): PDF in
clusion: found PDF version <1.6>, but at most version <1.5> allowed
<PDFs/Narasingarao2012.pdf, id=1155, page=8, 597.50829pt x 796.67737pt>
File: PDFs/Narasingarao2012.pdf Graphic file (type pdf)

<use PDFs/Narasingarao2012.pdf, page 8>
Package pdftex.def Info: PDFs/Narasingarao2012.pdf, page8 used on input line 20
4.
(pdftex.def)             Requested size: 448.13011pt x 597.50656pt.
File: PDFs/Narasingarao2012.pdf Graphic file (type pdf)

<use PDFs/Narasingarao2012.pdf, page 8>
Package pdftex.def Info: PDFs/Narasingarao2012.pdf, page8 used on input line 20
4.
(pdftex.def)             Requested size: 448.13011pt x 597.50656pt.
File: PDFs/Narasingarao2012.pdf Graphic file (type pdf)

<use PDFs/Narasingarao2012.pdf, page 8>
Package pdftex.def Info: PDFs/Narasingarao2012.pdf, page8 used on input line 20
4.
(pdftex.def)             Requested size: 448.13011pt x 597.50656pt.
 [26 <./PDFs/Narasingarao2012.pdf>]

pdfTeX warning: /usr/texbin/pdflatex (file ./PDFs/Narasingarao2012.pdf): PDF in
clusion: found PDF version <1.6>, but at most version <1.5> allowed
<PDFs/Narasingarao2012.pdf, id=1164, page=9, 597.50829pt x 796.67737pt>
File: PDFs/Narasingarao2012.pdf Graphic file (type pdf)

<use PDFs/Narasingarao2012.pdf, page 9>
Package pdftex.def Info: PDFs/Narasingarao2012.pdf, page9 used on input line 20
4.
(pdftex.def)             Requested size: 448.13011pt x 597.50656pt.
File: PDFs/Narasingarao2012.pdf Graphic file (type pdf)

<use PDFs/Narasingarao2012.pdf, page 9>
Package pdftex.def Info: PDFs/Narasingarao2012.pdf, page9 used on input line 20
4.
(pdftex.def)             Requested size: 448.13011pt x 597.50656pt.
File: PDFs/Narasingarao2012.pdf Graphic file (type pdf)

<use PDFs/Narasingarao2012.pdf, page 9>
Package pdftex.def Info: PDFs/Narasingarao2012.pdf, page9 used on input line 20
4.
(pdftex.def)             Requested size: 448.13011pt x 597.50656pt.
 [27 <./PDFs/Narasingarao2012.pdf>]

pdfTeX warning: /usr/texbin/pdflatex (file ./PDFs/Narasingarao2012.pdf): PDF in
clusion: found PDF version <1.6>, but at most version <1.5> allowed
<PDFs/Narasingarao2012.pdf, id=1173, page=10, 597.50829pt x 796.67737pt>
File: PDFs/Narasingarao2012.pdf Graphic file (type pdf)

<use PDFs/Narasingarao2012.pdf, page 10>
Package pdftex.def Info: PDFs/Narasingarao2012.pdf, page10 used on input line 2
04.
(pdftex.def)             Requested size: 448.13011pt x 597.50656pt.
File: PDFs/Narasingarao2012.pdf Graphic file (type pdf)

<use PDFs/Narasingarao2012.pdf, page 10>
Package pdftex.def Info: PDFs/Narasingarao2012.pdf, page10 used on input line 2
04.
(pdftex.def)             Requested size: 448.13011pt x 597.50656pt.
File: PDFs/Narasingarao2012.pdf Graphic file (type pdf)

<use PDFs/Narasingarao2012.pdf, page 10>
Package pdftex.def Info: PDFs/Narasingarao2012.pdf, page10 used on input line 2
04.
(pdftex.def)             Requested size: 448.13011pt x 597.50656pt.
 [28 <./PDFs/Narasingarao2012.pdf>]

pdfTeX warning: /usr/texbin/pdflatex (file ./PDFs/Narasingarao2012.pdf): PDF in
clusion: found PDF version <1.6>, but at most version <1.5> allowed
<PDFs/Narasingarao2012.pdf, id=1180, page=11, 597.50829pt x 796.67737pt>
File: PDFs/Narasingarao2012.pdf Graphic file (type pdf)

<use PDFs/Narasingarao2012.pdf, page 11>
Package pdftex.def Info: PDFs/Narasingarao2012.pdf, page11 used on input line 2
04.
(pdftex.def)             Requested size: 448.13011pt x 597.50656pt.
File: PDFs/Narasingarao2012.pdf Graphic file (type pdf)

<use PDFs/Narasingarao2012.pdf, page 11>
Package pdftex.def Info: PDFs/Narasingarao2012.pdf, page11 used on input line 2
04.
(pdftex.def)             Requested size: 448.13011pt x 597.50656pt.
File: PDFs/Narasingarao2012.pdf Graphic file (type pdf)

<use PDFs/Narasingarao2012.pdf, page 11>
Package pdftex.def Info: PDFs/Narasingarao2012.pdf, page11 used on input line 2
04.
(pdftex.def)             Requested size: 448.13011pt x 597.50656pt.
 [29 <./PDFs/Narasingarao2012.pdf>]

pdfTeX warning: /usr/texbin/pdflatex (file ./PDFs/Narasingarao2012.pdf): PDF in
clusion: found PDF version <1.6>, but at most version <1.5> allowed
<PDFs/Narasingarao2012.pdf, id=1188, page=12, 597.50829pt x 796.67737pt>
File: PDFs/Narasingarao2012.pdf Graphic file (type pdf)

<use PDFs/Narasingarao2012.pdf, page 12>
Package pdftex.def Info: PDFs/Narasingarao2012.pdf, page12 used on input line 2
04.
(pdftex.def)             Requested size: 448.13011pt x 597.50656pt.
File: PDFs/Narasingarao2012.pdf Graphic file (type pdf)

<use PDFs/Narasingarao2012.pdf, page 12>
Package pdftex.def Info: PDFs/Narasingarao2012.pdf, page12 used on input line 2
04.
(pdftex.def)             Requested size: 448.13011pt x 597.50656pt.
File: PDFs/Narasingarao2012.pdf Graphic file (type pdf)

<use PDFs/Narasingarao2012.pdf, page 12>
Package pdftex.def Info: PDFs/Narasingarao2012.pdf, page12 used on input line 2
04.
(pdftex.def)             Requested size: 448.13011pt x 597.50656pt.
 [30 <./PDFs/Narasingarao2012.pdf>]

pdfTeX warning: /usr/texbin/pdflatex (file ./PDFs/Narasingarao2012.pdf): PDF in
clusion: found PDF version <1.6>, but at most version <1.5> allowed
<PDFs/Narasingarao2012.pdf, id=1195, page=13, 597.50829pt x 796.67737pt>
File: PDFs/Narasingarao2012.pdf Graphic file (type pdf)

<use PDFs/Narasingarao2012.pdf, page 13>
Package pdftex.def Info: PDFs/Narasingarao2012.pdf, page13 used on input line 2
04.
(pdftex.def)             Requested size: 448.13011pt x 597.50656pt.
File: PDFs/Narasingarao2012.pdf Graphic file (type pdf)

<use PDFs/Narasingarao2012.pdf, page 13>
Package pdftex.def Info: PDFs/Narasingarao2012.pdf, page13 used on input line 2
04.
(pdftex.def)             Requested size: 448.13011pt x 597.50656pt.
File: PDFs/Narasingarao2012.pdf Graphic file (type pdf)

<use PDFs/Narasingarao2012.pdf, page 13>
Package pdftex.def Info: PDFs/Narasingarao2012.pdf, page13 used on input line 2
04.
(pdftex.def)             Requested size: 448.13011pt x 597.50656pt.
 [31 <./PDFs/Narasingarao2012.pdf>]
[32]
Chapter 3.
<PDFs/Ugalde2011.pdf, id=1207, 597.50829pt x 796.67737pt>
File: PDFs/Ugalde2011.pdf Graphic file (type pdf)

<use PDFs/Ugalde2011.pdf>
Package pdftex.def Info: PDFs/Ugalde2011.pdf used on input line 211.
(pdftex.def)             Requested size: 597.50682pt x 796.67543pt.
File: PDFs/Ugalde2011.pdf Graphic file (type pdf)
 <use PDFs/Ugalde2011.pdf>
Package pdftex.def Info: PDFs/Ugalde2011.pdf used on input line 211.
(pdftex.def)             Requested size: 597.50682pt x 796.67543pt.
 [33

]
<PDFs/Ugalde2011.pdf, id=1214, page=1, 597.50829pt x 796.67737pt>
File: PDFs/Ugalde2011.pdf Graphic file (type pdf)

<use PDFs/Ugalde2011.pdf, page 1>
Package pdftex.def Info: PDFs/Ugalde2011.pdf, page1 used on input line 211.
(pdftex.def)             Requested size: 597.50682pt x 796.67543pt.
File: PDFs/Ugalde2011.pdf Graphic file (type pdf)
 <use PDFs/Ugalde2011.pdf, page 1>
Package pdftex.def Info: PDFs/Ugalde2011.pdf, page1 used on input line 211.
(pdftex.def)             Requested size: 448.13011pt x 597.50656pt.
File: PDFs/Ugalde2011.pdf Graphic file (type pdf)

<use PDFs/Ugalde2011.pdf, page 1>
Package pdftex.def Info: PDFs/Ugalde2011.pdf, page1 used on input line 211.
(pdftex.def)             Requested size: 448.13011pt x 597.50656pt.
File: PDFs/Ugalde2011.pdf Graphic file (type pdf)
 <use PDFs/Ugalde2011.pdf, page 1>
Package pdftex.def Info: PDFs/Ugalde2011.pdf, page1 used on input line 211.
(pdftex.def)             Requested size: 448.13011pt x 597.50656pt.
File: PDFs/Ugalde2011.pdf Graphic file (type pdf)

<use PDFs/Ugalde2011.pdf, page 1>
Package pdftex.def Info: PDFs/Ugalde2011.pdf, page1 used on input line 211.
(pdftex.def)             Requested size: 448.13011pt x 597.50656pt.
 [34 <./PDFs/Ugalde2011.pdf>]
<PDFs/Ugalde2011.pdf, id=1254, page=2, 597.50829pt x 796.67737pt>
File: PDFs/Ugalde2011.pdf Graphic file (type pdf)

<use PDFs/Ugalde2011.pdf, page 2>
Package pdftex.def Info: PDFs/Ugalde2011.pdf, page2 used on input line 211.
(pdftex.def)             Requested size: 448.13011pt x 597.50656pt.
File: PDFs/Ugalde2011.pdf Graphic file (type pdf)
 <use PDFs/Ugalde2011.pdf, page 2>
Package pdftex.def Info: PDFs/Ugalde2011.pdf, page2 used on input line 211.
(pdftex.def)             Requested size: 448.13011pt x 597.50656pt.
File: PDFs/Ugalde2011.pdf Graphic file (type pdf)

<use PDFs/Ugalde2011.pdf, page 2>
Package pdftex.def Info: PDFs/Ugalde2011.pdf, page2 used on input line 211.
(pdftex.def)             Requested size: 448.13011pt x 597.50656pt.
 [35 <./PDFs/Ugalde2011.pdf>]
<PDFs/Ugalde2011.pdf, id=1293, page=3, 597.50829pt x 796.67737pt>
File: PDFs/Ugalde2011.pdf Graphic file (type pdf)

<use PDFs/Ugalde2011.pdf, page 3>
Package pdftex.def Info: PDFs/Ugalde2011.pdf, page3 used on input line 211.
(pdftex.def)             Requested size: 448.13011pt x 597.50656pt.
File: PDFs/Ugalde2011.pdf Graphic file (type pdf)
 <use PDFs/Ugalde2011.pdf, page 3>
Package pdftex.def Info: PDFs/Ugalde2011.pdf, page3 used on input line 211.
(pdftex.def)             Requested size: 448.13011pt x 597.50656pt.
File: PDFs/Ugalde2011.pdf Graphic file (type pdf)

<use PDFs/Ugalde2011.pdf, page 3>
Package pdftex.def Info: PDFs/Ugalde2011.pdf, page3 used on input line 211.
(pdftex.def)             Requested size: 448.13011pt x 597.50656pt.
 [36 <./PDFs/Ugalde2011.pdf>]
<PDFs/Ugalde2011.pdf, id=1298, page=4, 597.50829pt x 796.67737pt>
File: PDFs/Ugalde2011.pdf Graphic file (type pdf)

<use PDFs/Ugalde2011.pdf, page 4>
Package pdftex.def Info: PDFs/Ugalde2011.pdf, page4 used on input line 211.
(pdftex.def)             Requested size: 448.13011pt x 597.50656pt.
File: PDFs/Ugalde2011.pdf Graphic file (type pdf)
 <use PDFs/Ugalde2011.pdf, page 4>
Package pdftex.def Info: PDFs/Ugalde2011.pdf, page4 used on input line 211.
(pdftex.def)             Requested size: 448.13011pt x 597.50656pt.
File: PDFs/Ugalde2011.pdf Graphic file (type pdf)

<use PDFs/Ugalde2011.pdf, page 4>
Package pdftex.def Info: PDFs/Ugalde2011.pdf, page4 used on input line 211.
(pdftex.def)             Requested size: 448.13011pt x 597.50656pt.
 [37 <./PDFs/Ugalde2011.pdf>]
<PDFs/Ugalde2011.pdf, id=1316, page=5, 597.50829pt x 796.67737pt>
File: PDFs/Ugalde2011.pdf Graphic file (type pdf)

<use PDFs/Ugalde2011.pdf, page 5>
Package pdftex.def Info: PDFs/Ugalde2011.pdf, page5 used on input line 211.
(pdftex.def)             Requested size: 448.13011pt x 597.50656pt.
File: PDFs/Ugalde2011.pdf Graphic file (type pdf)
 <use PDFs/Ugalde2011.pdf, page 5>
Package pdftex.def Info: PDFs/Ugalde2011.pdf, page5 used on input line 211.
(pdftex.def)             Requested size: 448.13011pt x 597.50656pt.
File: PDFs/Ugalde2011.pdf Graphic file (type pdf)

<use PDFs/Ugalde2011.pdf, page 5>
Package pdftex.def Info: PDFs/Ugalde2011.pdf, page5 used on input line 211.
(pdftex.def)             Requested size: 448.13011pt x 597.50656pt.
 [38 <./PDFs/Ugalde2011.pdf>]
<PDFs/Ugalde2011.pdf, id=1330, page=6, 597.50829pt x 796.67737pt>
File: PDFs/Ugalde2011.pdf Graphic file (type pdf)

<use PDFs/Ugalde2011.pdf, page 6>
Package pdftex.def Info: PDFs/Ugalde2011.pdf, page6 used on input line 211.
(pdftex.def)             Requested size: 448.13011pt x 597.50656pt.
File: PDFs/Ugalde2011.pdf Graphic file (type pdf)
 <use PDFs/Ugalde2011.pdf, page 6>
Package pdftex.def Info: PDFs/Ugalde2011.pdf, page6 used on input line 211.
(pdftex.def)             Requested size: 448.13011pt x 597.50656pt.
File: PDFs/Ugalde2011.pdf Graphic file (type pdf)

<use PDFs/Ugalde2011.pdf, page 6>
Package pdftex.def Info: PDFs/Ugalde2011.pdf, page6 used on input line 211.
(pdftex.def)             Requested size: 448.13011pt x 597.50656pt.
 [39 <./PDFs/Ugalde2011.pdf>]
<PDFs/Ugalde2011.pdf, id=1347, page=7, 597.50829pt x 796.67737pt>
File: PDFs/Ugalde2011.pdf Graphic file (type pdf)

<use PDFs/Ugalde2011.pdf, page 7>
Package pdftex.def Info: PDFs/Ugalde2011.pdf, page7 used on input line 211.
(pdftex.def)             Requested size: 448.13011pt x 597.50656pt.
File: PDFs/Ugalde2011.pdf Graphic file (type pdf)
 <use PDFs/Ugalde2011.pdf, page 7>
Package pdftex.def Info: PDFs/Ugalde2011.pdf, page7 used on input line 211.
(pdftex.def)             Requested size: 448.13011pt x 597.50656pt.
File: PDFs/Ugalde2011.pdf Graphic file (type pdf)

<use PDFs/Ugalde2011.pdf, page 7>
Package pdftex.def Info: PDFs/Ugalde2011.pdf, page7 used on input line 211.
(pdftex.def)             Requested size: 448.13011pt x 597.50656pt.
 [40 <./PDFs/Ugalde2011.pdf>]
<PDFs/Ugalde2011.pdf, id=1355, page=8, 597.50829pt x 796.67737pt>
File: PDFs/Ugalde2011.pdf Graphic file (type pdf)

<use PDFs/Ugalde2011.pdf, page 8>
Package pdftex.def Info: PDFs/Ugalde2011.pdf, page8 used on input line 211.
(pdftex.def)             Requested size: 448.13011pt x 597.50656pt.
File: PDFs/Ugalde2011.pdf Graphic file (type pdf)
 <use PDFs/Ugalde2011.pdf, page 8>
Package pdftex.def Info: PDFs/Ugalde2011.pdf, page8 used on input line 211.
(pdftex.def)             Requested size: 448.13011pt x 597.50656pt.
File: PDFs/Ugalde2011.pdf Graphic file (type pdf)

<use PDFs/Ugalde2011.pdf, page 8>
Package pdftex.def Info: PDFs/Ugalde2011.pdf, page8 used on input line 211.
(pdftex.def)             Requested size: 448.13011pt x 597.50656pt.
 [41 <./PDFs/Ugalde2011.pdf>] [42]
Chapter 4.
<PDFs/Podell2013.pdf, id=1377, 614.57909pt x 793.83177pt>
File: PDFs/Podell2013.pdf Graphic file (type pdf)

<use PDFs/Podell2013.pdf>
Package pdftex.def Info: PDFs/Podell2013.pdf used on input line 219.
(pdftex.def)             Requested size: 614.57759pt x 793.82983pt.
File: PDFs/Podell2013.pdf Graphic file (type pdf)
 <use PDFs/Podell2013.pdf>
Package pdftex.def Info: PDFs/Podell2013.pdf used on input line 219.
(pdftex.def)             Requested size: 614.57759pt x 793.82983pt.
 [43

]
<PDFs/Podell2013.pdf, id=1384, page=1, 614.57909pt x 793.83177pt>
File: PDFs/Podell2013.pdf Graphic file (type pdf)

<use PDFs/Podell2013.pdf, page 1>
Package pdftex.def Info: PDFs/Podell2013.pdf, page1 used on input line 219.
(pdftex.def)             Requested size: 614.57759pt x 793.82983pt.
File: PDFs/Podell2013.pdf Graphic file (type pdf)
 <use PDFs/Podell2013.pdf, page 1>
Package pdftex.def Info: PDFs/Podell2013.pdf, page1 used on input line 219.
(pdftex.def)             Requested size: 460.93318pt x 595.37238pt.
File: PDFs/Podell2013.pdf Graphic file (type pdf)

<use PDFs/Podell2013.pdf, page 1>
Package pdftex.def Info: PDFs/Podell2013.pdf, page1 used on input line 219.
(pdftex.def)             Requested size: 460.93318pt x 595.37238pt.
File: PDFs/Podell2013.pdf Graphic file (type pdf)
 <use PDFs/Podell2013.pdf, page 1>
Package pdftex.def Info: PDFs/Podell2013.pdf, page1 used on input line 219.
(pdftex.def)             Requested size: 460.93318pt x 595.37238pt.
File: PDFs/Podell2013.pdf Graphic file (type pdf)

<use PDFs/Podell2013.pdf, page 1>
Package pdftex.def Info: PDFs/Podell2013.pdf, page1 used on input line 219.
(pdftex.def)             Requested size: 460.93318pt x 595.37238pt.
 [44 <./PDFs/Podell2013.pdf>]
<PDFs/Podell2013.pdf, id=1410, page=2, 614.57909pt x 793.83177pt>
File: PDFs/Podell2013.pdf Graphic file (type pdf)

<use PDFs/Podell2013.pdf, page 2>
Package pdftex.def Info: PDFs/Podell2013.pdf, page2 used on input line 219.
(pdftex.def)             Requested size: 460.93318pt x 595.37238pt.
File: PDFs/Podell2013.pdf Graphic file (type pdf)
 <use PDFs/Podell2013.pdf, page 2>
Package pdftex.def Info: PDFs/Podell2013.pdf, page2 used on input line 219.
(pdftex.def)             Requested size: 460.93318pt x 595.37238pt.
File: PDFs/Podell2013.pdf Graphic file (type pdf)

<use PDFs/Podell2013.pdf, page 2>
Package pdftex.def Info: PDFs/Podell2013.pdf, page2 used on input line 219.
(pdftex.def)             Requested size: 460.93318pt x 595.37238pt.
 [45 <./PDFs/Podell2013.pdf>]
<PDFs/Podell2013.pdf, id=1431, page=3, 614.57909pt x 793.83177pt>
File: PDFs/Podell2013.pdf Graphic file (type pdf)

<use PDFs/Podell2013.pdf, page 3>
Package pdftex.def Info: PDFs/Podell2013.pdf, page3 used on input line 219.
(pdftex.def)             Requested size: 460.93318pt x 595.37238pt.
File: PDFs/Podell2013.pdf Graphic file (type pdf)
 <use PDFs/Podell2013.pdf, page 3>
Package pdftex.def Info: PDFs/Podell2013.pdf, page3 used on input line 219.
(pdftex.def)             Requested size: 460.93318pt x 595.37238pt.
File: PDFs/Podell2013.pdf Graphic file (type pdf)

<use PDFs/Podell2013.pdf, page 3>
Package pdftex.def Info: PDFs/Podell2013.pdf, page3 used on input line 219.
(pdftex.def)             Requested size: 460.93318pt x 595.37238pt.
 [46 <./PDFs/Podell2013.pdf>]
<PDFs/Podell2013.pdf, id=1436, page=4, 614.57909pt x 793.83177pt>
File: PDFs/Podell2013.pdf Graphic file (type pdf)

<use PDFs/Podell2013.pdf, page 4>
Package pdftex.def Info: PDFs/Podell2013.pdf, page4 used on input line 219.
(pdftex.def)             Requested size: 460.93318pt x 595.37238pt.
File: PDFs/Podell2013.pdf Graphic file (type pdf)
 <use PDFs/Podell2013.pdf, page 4>
Package pdftex.def Info: PDFs/Podell2013.pdf, page4 used on input line 219.
(pdftex.def)             Requested size: 460.93318pt x 595.37238pt.
File: PDFs/Podell2013.pdf Graphic file (type pdf)

<use PDFs/Podell2013.pdf, page 4>
Package pdftex.def Info: PDFs/Podell2013.pdf, page4 used on input line 219.
(pdftex.def)             Requested size: 460.93318pt x 595.37238pt.
 [47 <./PDFs/Podell2013.pdf>]
<PDFs/Podell2013.pdf, id=1453, page=5, 614.57909pt x 793.83177pt>
File: PDFs/Podell2013.pdf Graphic file (type pdf)

<use PDFs/Podell2013.pdf, page 5>
Package pdftex.def Info: PDFs/Podell2013.pdf, page5 used on input line 219.
(pdftex.def)             Requested size: 460.93318pt x 595.37238pt.
File: PDFs/Podell2013.pdf Graphic file (type pdf)
 <use PDFs/Podell2013.pdf, page 5>
Package pdftex.def Info: PDFs/Podell2013.pdf, page5 used on input line 219.
(pdftex.def)             Requested size: 460.93318pt x 595.37238pt.
File: PDFs/Podell2013.pdf Graphic file (type pdf)

<use PDFs/Podell2013.pdf, page 5>
Package pdftex.def Info: PDFs/Podell2013.pdf, page5 used on input line 219.
(pdftex.def)             Requested size: 460.93318pt x 595.37238pt.
 [48 <./PDFs/Podell2013.pdf>]
<PDFs/Podell2013.pdf, id=1459, page=6, 614.57909pt x 793.83177pt>
File: PDFs/Podell2013.pdf Graphic file (type pdf)

<use PDFs/Podell2013.pdf, page 6>
Package pdftex.def Info: PDFs/Podell2013.pdf, page6 used on input line 219.
(pdftex.def)             Requested size: 460.93318pt x 595.37238pt.
File: PDFs/Podell2013.pdf Graphic file (type pdf)
 <use PDFs/Podell2013.pdf, page 6>
Package pdftex.def Info: PDFs/Podell2013.pdf, page6 used on input line 219.
(pdftex.def)             Requested size: 460.93318pt x 595.37238pt.
File: PDFs/Podell2013.pdf Graphic file (type pdf)

<use PDFs/Podell2013.pdf, page 6>
Package pdftex.def Info: PDFs/Podell2013.pdf, page6 used on input line 219.
(pdftex.def)             Requested size: 460.93318pt x 595.37238pt.
 [49 <./PDFs/Podell2013.pdf>]
<PDFs/Podell2013.pdf, id=1465, page=7, 614.57909pt x 793.83177pt>
File: PDFs/Podell2013.pdf Graphic file (type pdf)

<use PDFs/Podell2013.pdf, page 7>
Package pdftex.def Info: PDFs/Podell2013.pdf, page7 used on input line 219.
(pdftex.def)             Requested size: 460.93318pt x 595.37238pt.
File: PDFs/Podell2013.pdf Graphic file (type pdf)
 <use PDFs/Podell2013.pdf, page 7>
Package pdftex.def Info: PDFs/Podell2013.pdf, page7 used on input line 219.
(pdftex.def)             Requested size: 460.93318pt x 595.37238pt.
File: PDFs/Podell2013.pdf Graphic file (type pdf)

<use PDFs/Podell2013.pdf, page 7>
Package pdftex.def Info: PDFs/Podell2013.pdf, page7 used on input line 219.
(pdftex.def)             Requested size: 460.93318pt x 595.37238pt.
 [50 <./PDFs/Podell2013.pdf>]
<PDFs/Podell2013.pdf, id=1471, page=8, 614.57909pt x 793.83177pt>
File: PDFs/Podell2013.pdf Graphic file (type pdf)

<use PDFs/Podell2013.pdf, page 8>
Package pdftex.def Info: PDFs/Podell2013.pdf, page8 used on input line 219.
(pdftex.def)             Requested size: 460.93318pt x 595.37238pt.
File: PDFs/Podell2013.pdf Graphic file (type pdf)
 <use PDFs/Podell2013.pdf, page 8>
Package pdftex.def Info: PDFs/Podell2013.pdf, page8 used on input line 219.
(pdftex.def)             Requested size: 460.93318pt x 595.37238pt.
File: PDFs/Podell2013.pdf Graphic file (type pdf)

<use PDFs/Podell2013.pdf, page 8>
Package pdftex.def Info: PDFs/Podell2013.pdf, page8 used on input line 219.
(pdftex.def)             Requested size: 460.93318pt x 595.37238pt.
 [51 <./PDFs/Podell2013.pdf>]
<PDFs/Podell2013.pdf, id=1476, page=9, 614.57909pt x 793.83177pt>
File: PDFs/Podell2013.pdf Graphic file (type pdf)

<use PDFs/Podell2013.pdf, page 9>
Package pdftex.def Info: PDFs/Podell2013.pdf, page9 used on input line 219.
(pdftex.def)             Requested size: 460.93318pt x 595.37238pt.
File: PDFs/Podell2013.pdf Graphic file (type pdf)
 <use PDFs/Podell2013.pdf, page 9>
Package pdftex.def Info: PDFs/Podell2013.pdf, page9 used on input line 219.
(pdftex.def)             Requested size: 460.93318pt x 595.37238pt.
File: PDFs/Podell2013.pdf Graphic file (type pdf)

<use PDFs/Podell2013.pdf, page 9>
Package pdftex.def Info: PDFs/Podell2013.pdf, page9 used on input line 219.
(pdftex.def)             Requested size: 460.93318pt x 595.37238pt.
 [52 <./PDFs/Podell2013.pdf>]
<PDFs/Podell2013.pdf, id=1482, page=10, 614.57909pt x 793.83177pt>
File: PDFs/Podell2013.pdf Graphic file (type pdf)

<use PDFs/Podell2013.pdf, page 10>
Package pdftex.def Info: PDFs/Podell2013.pdf, page10 used on input line 219.
(pdftex.def)             Requested size: 460.93318pt x 595.37238pt.
File: PDFs/Podell2013.pdf Graphic file (type pdf)
 <use PDFs/Podell2013.pdf, page 10>
Package pdftex.def Info: PDFs/Podell2013.pdf, page10 used on input line 219.
(pdftex.def)             Requested size: 460.93318pt x 595.37238pt.
File: PDFs/Podell2013.pdf Graphic file (type pdf)

<use PDFs/Podell2013.pdf, page 10>
Package pdftex.def Info: PDFs/Podell2013.pdf, page10 used on input line 219.
(pdftex.def)             Requested size: 460.93318pt x 595.37238pt.
 [53 <./PDFs/Podell2013.pdf>]
<PDFs/Podell2013.pdf, id=1488, page=11, 614.57909pt x 793.83177pt>
File: PDFs/Podell2013.pdf Graphic file (type pdf)

<use PDFs/Podell2013.pdf, page 11>
Package pdftex.def Info: PDFs/Podell2013.pdf, page11 used on input line 219.
(pdftex.def)             Requested size: 460.93318pt x 595.37238pt.
File: PDFs/Podell2013.pdf Graphic file (type pdf)
 <use PDFs/Podell2013.pdf, page 11>
Package pdftex.def Info: PDFs/Podell2013.pdf, page11 used on input line 219.
(pdftex.def)             Requested size: 460.93318pt x 595.37238pt.
File: PDFs/Podell2013.pdf Graphic file (type pdf)

<use PDFs/Podell2013.pdf, page 11>
Package pdftex.def Info: PDFs/Podell2013.pdf, page11 used on input line 219.
(pdftex.def)             Requested size: 460.93318pt x 595.37238pt.
 [54 <./PDFs/Podell2013.pdf>]
<PDFs/Podell2013.pdf, id=1499, page=12, 614.57909pt x 793.83177pt>
File: PDFs/Podell2013.pdf Graphic file (type pdf)

<use PDFs/Podell2013.pdf, page 12>
Package pdftex.def Info: PDFs/Podell2013.pdf, page12 used on input line 219.
(pdftex.def)             Requested size: 460.93318pt x 595.37238pt.
File: PDFs/Podell2013.pdf Graphic file (type pdf)
 <use PDFs/Podell2013.pdf, page 12>
Package pdftex.def Info: PDFs/Podell2013.pdf, page12 used on input line 219.
(pdftex.def)             Requested size: 460.93318pt x 595.37238pt.
File: PDFs/Podell2013.pdf Graphic file (type pdf)

<use PDFs/Podell2013.pdf, page 12>
Package pdftex.def Info: PDFs/Podell2013.pdf, page12 used on input line 219.
(pdftex.def)             Requested size: 460.93318pt x 595.37238pt.
 [55 <./PDFs/Podell2013.pdf>] [56]
\openout2 = `Chapter5/chapter5.aux'.


(./Chapter5/chapter5.tex
Chapter 5.
Missing character: There is no É in font cmr12!
Missing character: There is no É in font cmr12!
[57


] [58] [59]
Overfull \hbox (0.79396pt too wide) in paragraph at lines 40--41
[]\OT1/cmr/m/n/12 All of the anal-y-ses were car-ried out us-ing a large clus-t
er in-stance (c3.8xlarge)
 []

[60] [61]
Overfull \hbox (4.2738pt too wide) in alignment at lines 124--124
[][][][] 
 []


LaTeX Warning: Float too large for page by 69.99548pt on input line 127.

<Chapter5/Figures/ReferenceSNPtypes.pdf, id=1552, 1011.78pt x 433.62pt>
File: Chapter5/Figures/ReferenceSNPtypes.pdf Graphic file (type pdf)

<use Chapter5/Figures/ReferenceSNPtypes.pdf>
Package pdftex.def Info: Chapter5/Figures/ReferenceSNPtypes.pdf used on input l
ine 134.
(pdftex.def)             Requested size: 419.16621pt x 179.64458pt.

<Chapter5/Figures/ReferenceSNPs_COGsTotal.pdf, id=1553, 993.7125pt x 487.8225pt
>
File: Chapter5/Figures/ReferenceSNPs_COGsTotal.pdf Graphic file (type pdf)
 <use Chapter5/Figures/ReferenceSNPs_COGsTotal.pdf>
Package pdftex.def Info: Chapter5/Figures/ReferenceSNPs_COGsTotal.pdf used on i
nput line 144.
(pdftex.def)             Requested size: 419.16621pt x 205.76984pt.

<Chapter5/Figures/ReferenceSNPs_COGs_NS.pdf, id=1554, 993.7125pt x 487.8225pt>
File: Chapter5/Figures/ReferenceSNPs_COGs_NS.pdf Graphic file (type pdf)

<use Chapter5/Figures/ReferenceSNPs_COGs_NS.pdf>
Package pdftex.def Info: Chapter5/Figures/ReferenceSNPs_COGs_NS.pdf used on inp
ut line 148.
(pdftex.def)             Requested size: 419.16621pt x 205.76984pt.

Overfull \hbox (3.91663pt too wide) in paragraph at lines 144--149
 [][] 
 []


Overfull \hbox (3.91663pt too wide) in paragraph at lines 144--149
 [][] 
 []


<Chapter5/Figures/ReferenceSNPs_NonSyn_CellularProc.pdf, id=1555, 1051.93pt x 5
92.2125pt>
File: Chapter5/Figures/ReferenceSNPs_NonSyn_CellularProc.pdf Graphic file (type
 pdf)
 <use Chapter5/Figures/ReferenceSNPs_NonSyn_CellularProc.pdf>
Package pdftex.def Info: Chapter5/Figures/ReferenceSNPs_NonSyn_CellularProc.pdf
 used on input line 157.
(pdftex.def)             Requested size: 419.16621pt x 235.97716pt.

<Chapter5/Figures/ReferenceSNPs_NonSyn_Information.pdf, id=1556, 1051.93pt x 59
2.2125pt>
File: Chapter5/Figures/ReferenceSNPs_NonSyn_Information.pdf Graphic file (type 
pdf)
 <use Chapter5/Figures/ReferenceSNPs_NonSyn_Information.pdf>
Package pdftex.def Info: Chapter5/Figures/ReferenceSNPs_NonSyn_Information.pdf 
used on input line 164.
(pdftex.def)             Requested size: 419.16621pt x 235.97716pt.

<Chapter5/Figures/ReferenceSNPs_NonSyn_Metabolism.pdf, id=1557, 1051.93pt x 592
.2125pt>
File: Chapter5/Figures/ReferenceSNPs_NonSyn_Metabolism.pdf Graphic file (type p
df)
 <use Chapter5/Figures/ReferenceSNPs_NonSyn_Metabolism.pdf>
Package pdftex.def Info: Chapter5/Figures/ReferenceSNPs_NonSyn_Metabolism.pdf u
sed on input line 171.
(pdftex.def)             Requested size: 419.16621pt x 235.97716pt.
) [62]
[63] [64 <./Chapter5/Figures/ReferenceSNPtypes.pdf>] [65 <./Chapter5/Figures/Re
ferenceSNPs_COGsTotal.pdf> <./Chapter5/Figures/ReferenceSNPs_COGs_NS.pdf>]
[66 <./Chapter5/Figures/ReferenceSNPs_NonSyn_CellularProc.pdf> <./Chapter5/Figu
res/ReferenceSNPs_NonSyn_Information.pdf>] [67 <./Chapter5/Figures/ReferenceSNP
s_NonSyn_Metabolism.pdf>] [68]
\openout2 = `Chapter6/chapter6.aux'.

 (./Chapter6/chapter6.tex
Chapter 6.
[69



]
<Chapter6/Figures/WorkflowOverview.pdf, id=1750, 543.02875pt x 384.43625pt>
File: Chapter6/Figures/WorkflowOverview.pdf Graphic file (type pdf)

<use Chapter6/Figures/WorkflowOverview.pdf>
Package pdftex.def Info: Chapter6/Figures/WorkflowOverview.pdf used on input li
ne 37.
(pdftex.def)             Requested size: 419.16621pt x 296.7618pt.
 [70] [71 <./Chapter6/Figures/WorkflowOverview.pdf>]
<Chapter6/Figures/PreprocessingOverview.pdf, id=1840, 758.835pt x 555.07375pt>
File: Chapter6/Figures/PreprocessingOverview.pdf Graphic file (type pdf)

<use Chapter6/Figures/PreprocessingOverview.pdf>
Package pdftex.def Info: Chapter6/Figures/PreprocessingOverview.pdf used on inp
ut line 48.
(pdftex.def)             Requested size: 419.16621pt x 306.61276pt.
 [72 <./Chapter6/Figures/PreprocessingOverview.pdf>] [73] [74]

LaTeX Warning: Reference `PhylogenomicOverview' on page 75 undefined on input l
ine 99.

[75]) [76] [77]
Appendix A.
<Appendix/UgaldeGA_2013.pdf, id=1980, 587.19376pt x 785.93625pt>
File: Appendix/UgaldeGA_2013.pdf Graphic file (type pdf)

<use Appendix/UgaldeGA_2013.pdf>
Package pdftex.def Info: Appendix/UgaldeGA_2013.pdf used on input line 232.
(pdftex.def)             Requested size: 587.19232pt x 785.93433pt.
File: Appendix/UgaldeGA_2013.pdf Graphic file (type pdf)
 <use Appendix/UgaldeGA_2013.pdf>
Package pdftex.def Info: Appendix/UgaldeGA_2013.pdf used on input line 232.
(pdftex.def)             Requested size: 587.19232pt x 785.93433pt.
 [78


]
<Appendix/UgaldeGA_2013.pdf, id=1987, page=1, 587.19376pt x 785.93625pt>
File: Appendix/UgaldeGA_2013.pdf Graphic file (type pdf)

<use Appendix/UgaldeGA_2013.pdf, page 1>
Package pdftex.def Info: Appendix/UgaldeGA_2013.pdf, page1 used on input line 2
32.
(pdftex.def)             Requested size: 587.19232pt x 785.93433pt.
File: Appendix/UgaldeGA_2013.pdf Graphic file (type pdf)

<use Appendix/UgaldeGA_2013.pdf, page 1>
Package pdftex.def Info: Appendix/UgaldeGA_2013.pdf, page1 used on input line 2
32.
(pdftex.def)             Requested size: 440.39424pt x 589.45074pt.
File: Appendix/UgaldeGA_2013.pdf Graphic file (type pdf)

<use Appendix/UgaldeGA_2013.pdf, page 1>
Package pdftex.def Info: Appendix/UgaldeGA_2013.pdf, page1 used on input line 2
32.
(pdftex.def)             Requested size: 440.39424pt x 589.45074pt.
File: Appendix/UgaldeGA_2013.pdf Graphic file (type pdf)

<use Appendix/UgaldeGA_2013.pdf, page 1>
Package pdftex.def Info: Appendix/UgaldeGA_2013.pdf, page1 used on input line 2
32.
(pdftex.def)             Requested size: 440.39424pt x 589.45074pt.
File: Appendix/UgaldeGA_2013.pdf Graphic file (type pdf)

<use Appendix/UgaldeGA_2013.pdf, page 1>
Package pdftex.def Info: Appendix/UgaldeGA_2013.pdf, page1 used on input line 2
32.
(pdftex.def)             Requested size: 440.39424pt x 589.45074pt.
 [79 <./Appendix/UgaldeGA_2013.pdf>]
<Appendix/UgaldeGA_2013.pdf, id=2046, page=2, 587.19376pt x 785.93625pt>
File: Appendix/UgaldeGA_2013.pdf Graphic file (type pdf)

<use Appendix/UgaldeGA_2013.pdf, page 2>
Package pdftex.def Info: Appendix/UgaldeGA_2013.pdf, page2 used on input line 2
32.
(pdftex.def)             Requested size: 440.39424pt x 589.45074pt.
File: Appendix/UgaldeGA_2013.pdf Graphic file (type pdf)

<use Appendix/UgaldeGA_2013.pdf, page 2>
Package pdftex.def Info: Appendix/UgaldeGA_2013.pdf, page2 used on input line 2
32.
(pdftex.def)             Requested size: 440.39424pt x 589.45074pt.
File: Appendix/UgaldeGA_2013.pdf Graphic file (type pdf)

<use Appendix/UgaldeGA_2013.pdf, page 2>
Package pdftex.def Info: Appendix/UgaldeGA_2013.pdf, page2 used on input line 2
32.
(pdftex.def)             Requested size: 440.39424pt x 589.45074pt.
 [80 <./Appendix/UgaldeGA_2013.pdf>]
[81]
Appendix B.
[82

] (./template.tdo)
\tf@tdo=\write8
\openout8 = `template.tdo'.

 (./template.bbl [83

]

Package hyperref Warning: bookmark level for unknown backmatter defaults to 0.

[84

] [85] [86] [87] [88] [89] [90] [91] [92]) [93]
Package atveryend Info: Empty hook `BeforeClearDocument' on input line 254.
Package atveryend Info: Empty hook `AfterLastShipout' on input line 254.
 (./template.aux
(./template_frontmatter.aux) (./Chapter1/chapter1.aux) (./Chapter5/chapter5.aux
) (./Chapter6/chapter6.aux))
Package atveryend Info: Executing hook `AtVeryEndDocument' on input line 254.
Package atveryend Info: Executing hook `AtEndAfterFileList' on input line 254.
Package rerunfilecheck Info: File `template.out' has not changed.
(rerunfilecheck)             Checksum: A6FEFD980A632ACCE3BE7F7E9EAFEC74;3371.


LaTeX Warning: There were undefined references.


LaTeX Warning: Label(s) may have changed. Rerun to get cross-references right.

Package atveryend Info: Empty hook `AtVeryVeryEnd' on input line 254.
 ) 
Here is how much of TeX's memory you used:
 26138 strings out of 493308
 535507 string characters out of 6137816
 578156 words of memory out of 5000000
 28832 multiletter control sequences out of 15000+600000
 11336 words of font info for 40 fonts, out of 8000000 for 9000
 957 hyphenation exceptions out of 8191
 62i,19n,87p,10400b,904s stack positions out of 5000i,500n,10000p,200000b,80000s
</usr/local/texlive/2013/texmf-dist/fonts/type1/public/amsfonts/cm/cmbx12.pfb
></usr/local/texlive/2013/texmf-dist/fonts/type1/public/amsfonts/cm/cmbxti10.pf
b></usr/local/texlive/2013/texmf-dist/fonts/type1/public/amsfonts/cm/cmmi12.pfb
></usr/local/texlive/2013/texmf-dist/fonts/type1/public/amsfonts/cm/cmr10.pfb><
/usr/local/texlive/2013/texmf-dist/fonts/type1/public/amsfonts/cm/cmr12.pfb></u
sr/local/texlive/2013/texmf-dist/fonts/type1/public/amsfonts/cm/cmr8.pfb></usr/
local/texlive/2013/texmf-dist/fonts/type1/public/amsfonts/cm/cmsy10.pfb></usr/l
ocal/texlive/2013/texmf-dist/fonts/type1/public/amsfonts/cm/cmti12.pfb></usr/lo
cal/texlive/2013/texmf-dist/fonts/type1/public/amsfonts/cm/cmtt12.pfb>
Output written on template.pdf (107 pages, 4159959 bytes).
PDF statistics:
 2207 PDF objects out of 2487 (max. 8388607)
 1666 compressed objects within 17 object streams
 290 named destinations out of 1000 (max. 500000)
 686 words of extra memory for PDF output out of 10000 (max. 10000000)

