\BOOKMARK [0][-]{section*.1}{Signature Page}{}% 1
\BOOKMARK [0][-]{section*.2}{Dedication}{}% 2
\BOOKMARK [0][-]{section*.3}{Epigraph}{}% 3
\BOOKMARK [0][-]{section*.4}{Table of Contents}{}% 4
\BOOKMARK [0][-]{section*.5}{List of Figures}{}% 5
\BOOKMARK [0][-]{section*.6}{List of Tables}{}% 6
\BOOKMARK [0][-]{section*.7}{Acknowledgements}{}% 7
\BOOKMARK [0][-]{section*.8}{Vita and Publications}{}% 8
\BOOKMARK [0][-]{section*.9}{Abstract of the Dissertation}{}% 9
\BOOKMARK [0][-]{chapter.1}{Introduction to the thesis}{}% 10
\BOOKMARK [1][-]{section.1.1}{Metagenomics}{chapter.1}% 11
\BOOKMARK [1][-]{section.1.2}{Microbial communities in hypersaline environments}{chapter.1}% 12
\BOOKMARK [1][-]{section.1.3}{Lake Tyrrell, Australia, as a model ecosystem}{chapter.1}% 13
\BOOKMARK [1][-]{section.1.4}{Acknowledgments}{chapter.1}% 14
\BOOKMARK [0][-]{chapter.2}{De novo metagenomic assembly reveals abundant novel major lineage of Archaea in hypersaline communities}{}% 15
\BOOKMARK [0][-]{chapter.3}{Xenorhodopsins, an enigmatic new class of microbial rhodopsins horizontally transferred between Archaea and Bacteria}{}% 16
\BOOKMARK [0][-]{chapter.4}{Assembly-driven community genomics of a hypersaline microbial ecosystem}{}% 17
\BOOKMARK [0][-]{chapter.5}{Genetic heterogeneity in natural microbial communities}{}% 18
\BOOKMARK [1][-]{section.5.1}{Abstract}{chapter.5}% 19
\BOOKMARK [1][-]{section.5.2}{Introduction}{chapter.5}% 20
\BOOKMARK [1][-]{section.5.3}{Material and Methods}{chapter.5}% 21
\BOOKMARK [2][-]{subsection.5.3.1}{Genome information}{section.5.3}% 22
\BOOKMARK [2][-]{subsection.5.3.2}{Generation of a set of reference SNPs}{section.5.3}% 23
\BOOKMARK [2][-]{subsection.5.3.3}{Simulated Illumina datasets}{section.5.3}% 24
\BOOKMARK [2][-]{subsection.5.3.4}{Read trimming and processing}{section.5.3}% 25
\BOOKMARK [2][-]{subsection.5.3.5}{Read Mapping, depth of coverage and SNP identification}{section.5.3}% 26
\BOOKMARK [1][-]{section.5.4}{Results}{chapter.5}% 27
\BOOKMARK [2][-]{subsection.5.4.1}{Genome information and reference SNPs}{section.5.4}% 28
\BOOKMARK [1][-]{section.5.5}{Discussion}{chapter.5}% 29
\BOOKMARK [1][-]{section.5.6}{Conclusions}{chapter.5}% 30
\BOOKMARK [1][-]{section.5.7}{Acknowledgments}{chapter.5}% 31
\BOOKMARK [0][-]{chapter.6}{Comparative genomics and selective pressure analysis; analysis of the Haloquadratum walsbyi genome}{}% 32
\BOOKMARK [1][-]{section.6.1}{Abstract}{chapter.6}% 33
\BOOKMARK [1][-]{section.6.2}{Introduction}{chapter.6}% 34
\BOOKMARK [1][-]{section.6.3}{Overview of the analysis workflow}{chapter.6}% 35
\BOOKMARK [2][-]{subsection.6.3.1}{Data preprocessing}{section.6.3}% 36
\BOOKMARK [2][-]{subsection.6.3.2}{Construction of orthologous groups}{section.6.3}% 37
\BOOKMARK [2][-]{subsection.6.3.3}{Analysis of ortholog groups}{section.6.3}% 38
\BOOKMARK [1][-]{section.6.4}{Comparative analysis of Haloquadratum}{chapter.6}% 39
\BOOKMARK [2][-]{subsection.6.4.1}{Haloquadratum core and accessory genome}{section.6.4}% 40
\BOOKMARK [2][-]{subsection.6.4.2}{Evidence of habitat-selection in H. walsbyi}{section.6.4}% 41
\BOOKMARK [1][-]{section.6.5}{Conclusions and Future Directions}{chapter.6}% 42
\BOOKMARK [1][-]{section.6.6}{Acknowledgments}{chapter.6}% 43
\BOOKMARK [0][-]{appendix.A}{}{}% 44
\BOOKMARK [0][-]{appendix.B}{}{}% 45
\BOOKMARK [0][-]{appendix*.47}{References}{}% 46
